TN:
SF:contracts/Diamond.sol
FN:59,Diamond.
FNDA:0,Diamond.
DA:60,0
DA:61,0
DA:64,0
DA:68,0
DA:69,0
BRDA:69,0,0,-
BRDA:69,0,1,-
FNF:1
FNH:0
LF:5
LH:0
BRF:2
BRH:0
end_of_record
TN:
SF:contracts/EtherscanDiamondImpl.sol
FN:119,EtherscanDiamondImpl.diamondCut
FNDA:0,EtherscanDiamondImpl.diamondCut
DA:124,0
FN:128,EtherscanDiamondImpl.facetAddress
FNDA:0,EtherscanDiamondImpl.facetAddress
FN:134,EtherscanDiamondImpl.facetAddresses
FNDA:0,EtherscanDiamondImpl.facetAddresses
FN:136,EtherscanDiamondImpl.facetFunctionSelectors
FNDA:0,EtherscanDiamondImpl.facetFunctionSelectors
FN:142,EtherscanDiamondImpl.facets
FNDA:0,EtherscanDiamondImpl.facets
FN:145,EtherscanDiamondImpl.combineShorts
FNDA:0,EtherscanDiamondImpl.combineShorts
DA:146,0
FN:149,EtherscanDiamondImpl.decreaseCollateral
FNDA:0,EtherscanDiamondImpl.decreaseCollateral
DA:150,0
FN:153,EtherscanDiamondImpl.increaseCollateral
FNDA:0,EtherscanDiamondImpl.increaseCollateral
DA:154,0
FN:158,EtherscanDiamondImpl.depositAsset
FNDA:0,EtherscanDiamondImpl.depositAsset
FN:160,EtherscanDiamondImpl.withdrawAsset
FNDA:0,EtherscanDiamondImpl.withdrawAsset
FN:163,EtherscanDiamondImpl.approve
FNDA:0,EtherscanDiamondImpl.approve
DA:164,0
FN:167,EtherscanDiamondImpl.balanceOf
FNDA:0,EtherscanDiamondImpl.balanceOf
FN:169,EtherscanDiamondImpl.getApproved
FNDA:0,EtherscanDiamondImpl.getApproved
FN:171,EtherscanDiamondImpl.isApprovedForAll
FNDA:0,EtherscanDiamondImpl.isApprovedForAll
FN:177,EtherscanDiamondImpl.mintNFT
FNDA:0,EtherscanDiamondImpl.mintNFT
FN:179,EtherscanDiamondImpl.ownerOf
FNDA:0,EtherscanDiamondImpl.ownerOf
FN:181,EtherscanDiamondImpl.safeTransferFrom
FNDA:0,EtherscanDiamondImpl.safeTransferFrom
FN:183,EtherscanDiamondImpl.safeTransferFrom
FNDA:0,EtherscanDiamondImpl.safeTransferFrom
FN:190,EtherscanDiamondImpl.setApprovalForAll
FNDA:0,EtherscanDiamondImpl.setApprovalForAll
DA:191,0
FN:194,EtherscanDiamondImpl.supportsInterface
FNDA:0,EtherscanDiamondImpl.supportsInterface
FN:196,EtherscanDiamondImpl.tokenURI
FNDA:0,EtherscanDiamondImpl.tokenURI
FN:198,EtherscanDiamondImpl.transferFrom
FNDA:0,EtherscanDiamondImpl.transferFrom
DA:199,0
FN:203,EtherscanDiamondImpl.deposit
FNDA:0,EtherscanDiamondImpl.deposit
DA:204,0
FN:207,EtherscanDiamondImpl.depositEth
FNDA:0,EtherscanDiamondImpl.depositEth
DA:208,0
FN:211,EtherscanDiamondImpl.getBridges
FNDA:0,EtherscanDiamondImpl.getBridges
FN:213,EtherscanDiamondImpl.getDethTotal
FNDA:0,EtherscanDiamondImpl.getDethTotal
FN:215,EtherscanDiamondImpl.withdraw
FNDA:0,EtherscanDiamondImpl.withdraw
DA:216,0
FN:219,EtherscanDiamondImpl.withdrawTapp
FNDA:0,EtherscanDiamondImpl.withdrawTapp
DA:220,0
FN:224,EtherscanDiamondImpl.createBid
FNDA:0,EtherscanDiamondImpl.createBid
DA:232,0
FN:235,EtherscanDiamondImpl.createForcedBid
FNDA:0,EtherscanDiamondImpl.createForcedBid
FN:244,EtherscanDiamondImpl._cancelAsk
FNDA:0,EtherscanDiamondImpl._cancelAsk
FN:246,EtherscanDiamondImpl._cancelShort
FNDA:0,EtherscanDiamondImpl._cancelShort
FN:248,EtherscanDiamondImpl.createAsk
FNDA:0,EtherscanDiamondImpl.createAsk
DA:255,0
FN:259,EtherscanDiamondImpl.createLimitShort
FNDA:0,EtherscanDiamondImpl.createLimitShort
DA:267,0
FN:271,EtherscanDiamondImpl.exitShort
FNDA:0,EtherscanDiamondImpl.exitShort
DA:278,0
FN:281,EtherscanDiamondImpl.exitShortErcEscrowed
FNDA:0,EtherscanDiamondImpl.exitShortErcEscrowed
DA:284,0
FN:287,EtherscanDiamondImpl.exitShortWallet
FNDA:0,EtherscanDiamondImpl.exitShortWallet
DA:288,0
FN:292,EtherscanDiamondImpl.flagShort
FNDA:0,EtherscanDiamondImpl.flagShort
FN:296,EtherscanDiamondImpl.liquidate
FNDA:0,EtherscanDiamondImpl.liquidate
DA:302,0
FN:306,EtherscanDiamondImpl.liquidateSecondary
FNDA:0,EtherscanDiamondImpl.liquidateSecondary
DA:312,0
FN:316,EtherscanDiamondImpl.admin
FNDA:0,EtherscanDiamondImpl.admin
FN:318,EtherscanDiamondImpl.claimOwnership
FNDA:0,EtherscanDiamondImpl.claimOwnership
FN:320,EtherscanDiamondImpl.createBridge
FNDA:0,EtherscanDiamondImpl.createBridge
DA:326,0
FN:336,EtherscanDiamondImpl.createMarket
FNDA:0,EtherscanDiamondImpl.createMarket
DA:337,0
FN:340,EtherscanDiamondImpl.createVault
FNDA:0,EtherscanDiamondImpl.createVault
DA:345,0
FN:348,EtherscanDiamondImpl.owner
FNDA:0,EtherscanDiamondImpl.owner
FN:350,EtherscanDiamondImpl.ownerCandidate
FNDA:0,EtherscanDiamondImpl.ownerCandidate
FN:352,EtherscanDiamondImpl.setCallerFeePct
FNDA:0,EtherscanDiamondImpl.setCallerFeePct
FN:354,EtherscanDiamondImpl.setDittoMatchedRate
FNDA:0,EtherscanDiamondImpl.setDittoMatchedRate
FN:356,EtherscanDiamondImpl.setDittoShorterRate
FNDA:0,EtherscanDiamondImpl.setDittoShorterRate
FN:358,EtherscanDiamondImpl.setFirstLiquidationTime
FNDA:0,EtherscanDiamondImpl.setFirstLiquidationTime
FN:360,EtherscanDiamondImpl.setForcedBidPriceBuffer
FNDA:0,EtherscanDiamondImpl.setForcedBidPriceBuffer
FN:362,EtherscanDiamondImpl.setInitialCR
FNDA:0,EtherscanDiamondImpl.setInitialCR
DA:363,0
FN:366,EtherscanDiamondImpl.setMinAskEth
FNDA:0,EtherscanDiamondImpl.setMinAskEth
FN:368,EtherscanDiamondImpl.setMinBidEth
FNDA:0,EtherscanDiamondImpl.setMinBidEth
FN:370,EtherscanDiamondImpl.setMinShortErc
FNDA:0,EtherscanDiamondImpl.setMinShortErc
FN:372,EtherscanDiamondImpl.setMinimumCR
FNDA:0,EtherscanDiamondImpl.setMinimumCR
FN:374,EtherscanDiamondImpl.setPrimaryLiquidationCR
FNDA:0,EtherscanDiamondImpl.setPrimaryLiquidationCR
FN:376,EtherscanDiamondImpl.setResetLiquidationTime
FNDA:0,EtherscanDiamondImpl.setResetLiquidationTime
FN:378,EtherscanDiamondImpl.setSecondLiquidationTime
FNDA:0,EtherscanDiamondImpl.setSecondLiquidationTime
FN:380,EtherscanDiamondImpl.setSecondaryLiquidationCR
FNDA:0,EtherscanDiamondImpl.setSecondaryLiquidationCR
FN:382,EtherscanDiamondImpl.setTappFeePct
FNDA:0,EtherscanDiamondImpl.setTappFeePct
FN:384,EtherscanDiamondImpl.setTithe
FNDA:0,EtherscanDiamondImpl.setTithe
DA:385,0
FN:388,EtherscanDiamondImpl.setWithdrawalFee
FNDA:0,EtherscanDiamondImpl.setWithdrawalFee
DA:389,0
FN:392,EtherscanDiamondImpl.transferAdminship
FNDA:0,EtherscanDiamondImpl.transferAdminship
DA:393,0
FN:396,EtherscanDiamondImpl.transferOwnership
FNDA:0,EtherscanDiamondImpl.transferOwnership
DA:397,0
FN:401,EtherscanDiamondImpl.claimDittoMatchedReward
FNDA:0,EtherscanDiamondImpl.claimDittoMatchedReward
DA:402,0
FN:405,EtherscanDiamondImpl.distributeYield
FNDA:0,EtherscanDiamondImpl.distributeYield
DA:406,0
FN:409,EtherscanDiamondImpl.updateYield
FNDA:0,EtherscanDiamondImpl.updateYield
DA:410,0
FN:413,EtherscanDiamondImpl.withdrawDittoReward
FNDA:0,EtherscanDiamondImpl.withdrawDittoReward
FN:416,EtherscanDiamondImpl.getAskHintId
FNDA:0,EtherscanDiamondImpl.getAskHintId
FN:422,EtherscanDiamondImpl.getAsks
FNDA:0,EtherscanDiamondImpl.getAsks
FN:424,EtherscanDiamondImpl.getAssetBalance
FNDA:0,EtherscanDiamondImpl.getAssetBalance
FN:430,EtherscanDiamondImpl.getAssetCollateralRatio
FNDA:0,EtherscanDiamondImpl.getAssetCollateralRatio
FN:436,EtherscanDiamondImpl.getAssetStruct
FNDA:0,EtherscanDiamondImpl.getAssetStruct
FN:438,EtherscanDiamondImpl.getAssetUserStruct
FNDA:0,EtherscanDiamondImpl.getAssetUserStruct
FN:444,EtherscanDiamondImpl.getBidHintId
FNDA:0,EtherscanDiamondImpl.getBidHintId
FN:450,EtherscanDiamondImpl.getBids
FNDA:0,EtherscanDiamondImpl.getBids
FN:452,EtherscanDiamondImpl.getBridgeStruct
FNDA:0,EtherscanDiamondImpl.getBridgeStruct
FN:454,EtherscanDiamondImpl.getBridgeVault
FNDA:0,EtherscanDiamondImpl.getBridgeVault
FN:456,EtherscanDiamondImpl.getCollateralRatio
FNDA:0,EtherscanDiamondImpl.getCollateralRatio
FN:462,EtherscanDiamondImpl.getCollateralRatioSpotPrice
FNDA:0,EtherscanDiamondImpl.getCollateralRatioSpotPrice
FN:468,EtherscanDiamondImpl.getDethBalance
FNDA:0,EtherscanDiamondImpl.getDethBalance
FN:474,EtherscanDiamondImpl.getDethYieldRate
FNDA:0,EtherscanDiamondImpl.getDethYieldRate
FN:476,EtherscanDiamondImpl.getDittoMatchedReward
FNDA:0,EtherscanDiamondImpl.getDittoMatchedReward
FN:482,EtherscanDiamondImpl.getDittoReward
FNDA:0,EtherscanDiamondImpl.getDittoReward
FN:488,EtherscanDiamondImpl.getFlaggerHint
FNDA:0,EtherscanDiamondImpl.getFlaggerHint
FN:490,EtherscanDiamondImpl.getFlaggerId
FNDA:0,EtherscanDiamondImpl.getFlaggerId
FN:496,EtherscanDiamondImpl.getHintArray
FNDA:0,EtherscanDiamondImpl.getHintArray
FN:502,EtherscanDiamondImpl.getOffsetTime
FNDA:0,EtherscanDiamondImpl.getOffsetTime
FN:504,EtherscanDiamondImpl.getOracleAssetPrice
FNDA:0,EtherscanDiamondImpl.getOracleAssetPrice
FN:506,EtherscanDiamondImpl.getProtocolAssetPrice
FNDA:0,EtherscanDiamondImpl.getProtocolAssetPrice
FN:508,EtherscanDiamondImpl.getProtocolAssetTime
FNDA:0,EtherscanDiamondImpl.getProtocolAssetTime
FN:510,EtherscanDiamondImpl.getShortHintId
FNDA:0,EtherscanDiamondImpl.getShortHintId
FN:516,EtherscanDiamondImpl.getShortIdAtOracle
FNDA:0,EtherscanDiamondImpl.getShortIdAtOracle
FN:522,EtherscanDiamondImpl.getShortRecord
FNDA:0,EtherscanDiamondImpl.getShortRecord
FN:528,EtherscanDiamondImpl.getShortRecordCount
FNDA:0,EtherscanDiamondImpl.getShortRecordCount
FN:534,EtherscanDiamondImpl.getShortRecords
FNDA:0,EtherscanDiamondImpl.getShortRecords
FN:540,EtherscanDiamondImpl.getShorts
FNDA:0,EtherscanDiamondImpl.getShorts
FN:542,EtherscanDiamondImpl.getTithe
FNDA:0,EtherscanDiamondImpl.getTithe
FN:544,EtherscanDiamondImpl.getUndistributedYield
FNDA:0,EtherscanDiamondImpl.getUndistributedYield
FN:546,EtherscanDiamondImpl.getVault
FNDA:0,EtherscanDiamondImpl.getVault
FN:548,EtherscanDiamondImpl.getVaultStruct
FNDA:0,EtherscanDiamondImpl.getVaultStruct
FN:550,EtherscanDiamondImpl.getVaultUserStruct
FNDA:0,EtherscanDiamondImpl.getVaultUserStruct
FN:556,EtherscanDiamondImpl.getYield
FNDA:0,EtherscanDiamondImpl.getYield
FN:563,EtherscanDiamondImpl.cancelAsk
FNDA:0,EtherscanDiamondImpl.cancelAsk
DA:564,0
FN:567,EtherscanDiamondImpl.cancelBid
FNDA:0,EtherscanDiamondImpl.cancelBid
FN:569,EtherscanDiamondImpl.cancelOrderFarFromOracle
FNDA:0,EtherscanDiamondImpl.cancelOrderFarFromOracle
FN:576,EtherscanDiamondImpl.cancelShort
FNDA:0,EtherscanDiamondImpl.cancelShort
DA:577,0
FN:581,EtherscanDiamondImpl.redeemErc
FNDA:0,EtherscanDiamondImpl.redeemErc
DA:582,0
FN:585,EtherscanDiamondImpl.shutdownMarket
FNDA:0,EtherscanDiamondImpl.shutdownMarket
DA:586,0
FN:590,EtherscanDiamondImpl.estimateWETHInUSDC
FNDA:0,EtherscanDiamondImpl.estimateWETHInUSDC
FNF:112
FNH:0
LF:34
LH:0
BRF:0
BRH:0
end_of_record
TN:
SF:contracts/bridges/BridgeReth.sol
FN:39,BridgeReth._getRethContract
FNDA:0,BridgeReth._getRethContract
DA:40,0
FN:44,BridgeReth.getBaseCollateral
FNDA:0,BridgeReth.getBaseCollateral
DA:45,0
FN:49,BridgeReth.getDethValue
FNDA:0,BridgeReth.getDethValue
DA:50,0
DA:51,0
FN:55,BridgeReth.getUnitDethValue
FNDA:0,BridgeReth.getUnitDethValue
DA:56,0
DA:57,0
FN:62,BridgeReth.deposit
FNDA:0,BridgeReth.deposit
DA:67,0
DA:70,0
DA:72,0
FN:76,BridgeReth.depositEth
FNDA:0,BridgeReth.depositEth
DA:77,0
DA:78,0
DA:79,0
DA:81,0
DA:82,0
DA:83,0
DA:84,0
BRDA:84,0,0,-
BRDA:84,0,1,-
DA:86,0
FN:90,BridgeReth.withdraw
FNDA:0,BridgeReth.withdraw
DA:95,0
DA:97,0
DA:100,0
DA:101,0
FN:104,BridgeReth.unstake
FNDA:0,BridgeReth.unstake
DA:105,0
DA:106,0
DA:107,0
DA:108,0
DA:109,0
DA:110,0
BRDA:110,1,0,-
BRDA:110,1,1,-
DA:111,0
DA:112,0
BRDA:112,2,0,-
BRDA:112,2,1,-
FNF:8
FNH:0
LF:29
LH:0
BRF:6
BRH:0
end_of_record
TN:
SF:contracts/bridges/BridgeSteth.sol
FN:39,BridgeSteth.onERC721Received
FNDA:0,BridgeSteth.onERC721Received
DA:45,0
FN:49,BridgeSteth.getBaseCollateral
FNDA:0,BridgeSteth.getBaseCollateral
DA:50,0
FN:54,BridgeSteth.getDethValue
FNDA:0,BridgeSteth.getDethValue
DA:55,0
FN:59,BridgeSteth.getUnitDethValue
FNDA:0,BridgeSteth.getUnitDethValue
DA:62,0
FN:66,BridgeSteth.deposit
FNDA:0,BridgeSteth.deposit
DA:73,0
DA:74,0
FN:78,BridgeSteth.depositEth
FNDA:0,BridgeSteth.depositEth
DA:79,0
DA:81,0
DA:82,0
DA:83,0
BRDA:83,0,0,-
BRDA:83,0,1,-
DA:84,0
FN:88,BridgeSteth.withdraw
FNDA:0,BridgeSteth.withdraw
DA:94,0
DA:95,0
FN:98,BridgeSteth.unstake
FNDA:0,BridgeSteth.unstake
DA:99,0
DA:100,0
DA:101,0
DA:102,0
FNF:8
FNH:0
LF:17
LH:0
BRF:2
BRH:0
end_of_record
TN:
SF:contracts/facets/AskOrdersFacet.sol
FN:28,AskOrdersFacet.createAsk
FNDA:0,AskOrdersFacet.createAsk
DA:35,0
DA:36,0
DA:37,0
BRDA:37,0,0,-
BRDA:37,0,1,-
DA:39,0
BRDA:39,1,0,-
BRDA:39,1,1,-
DA:40,0
DA:43,0
DA:44,0
DA:45,0
DA:46,0
DA:47,0
DA:48,0
DA:49,0
DA:52,0
FN:56,AskOrdersFacet._cancelAsk
FNDA:0,AskOrdersFacet._cancelAsk
DA:57,0
FN:61,AskOrdersFacet._cancelShort
FNDA:0,AskOrdersFacet._cancelShort
DA:62,0
FNF:3
FNH:0
LF:15
LH:0
BRF:4
BRH:0
end_of_record
TN:
SF:contracts/facets/BidOrdersFacet.sol
FN:41,BidOrdersFacet.createBid
FNDA:0,BidOrdersFacet.createBid
DA:55,0
DA:57,0
FN:80,BidOrdersFacet.createForcedBid
FNDA:0,BidOrdersFacet.createForcedBid
DA:88,0
DA:91,0
FN:102,BidOrdersFacet._createBid
FNDA:0,BidOrdersFacet._createBid
DA:111,0
DA:112,0
BRDA:112,0,0,-
BRDA:112,0,1,-
DA:114,0
DA:115,0
BRDA:115,1,0,-
BRDA:115,1,1,-
DA:116,0
DA:119,0
DA:120,0
DA:121,0
DA:122,0
DA:123,0
DA:124,0
DA:125,0
DA:127,0
DA:128,0
DA:130,0
DA:132,0
DA:134,0
BRDA:133,2,0,-
BRDA:133,2,1,-
DA:140,0
DA:143,0
DA:144,0
DA:145,0
DA:148,0
DA:149,0
FN:164,BidOrdersFacet.bidMatchAlgo
FNDA:0,BidOrdersFacet.bidMatchAlgo
DA:170,0
DA:171,0
DA:175,0
BRDA:175,3,0,-
BRDA:175,3,1,-
DA:176,0
BRDA:176,4,0,-
BRDA:176,4,1,-
DA:177,0
DA:179,0
DA:182,0
DA:184,0
BRDA:184,5,0,-
BRDA:184,5,1,-
DA:186,0
BRDA:186,6,0,-
BRDA:186,6,1,-
DA:187,0
DA:189,0
DA:190,0
BRDA:190,7,0,-
BRDA:190,7,1,-
DA:191,0
DA:192,0
DA:193,0
BRDA:193,8,0,-
BRDA:193,8,1,-
DA:194,0
DA:195,0
DA:196,0
DA:197,0
DA:199,0
DA:200,0
DA:201,0
DA:204,0
BRDA:204,9,0,-
BRDA:204,9,1,-
DA:205,0
BRDA:205,10,0,-
BRDA:205,10,1,-
DA:206,0
DA:207,0
DA:208,0
DA:210,0
DA:211,0
DA:214,0
DA:215,0
BRDA:215,11,0,-
BRDA:215,11,1,-
DA:216,0
DA:217,0
DA:219,0
DA:221,0
DA:222,0
DA:226,0
DA:227,0
BRDA:225,12,0,-
BRDA:225,12,1,-
DA:229,0
DA:232,0
DA:233,0
DA:236,0
BRDA:236,13,0,-
BRDA:236,13,1,-
DA:237,0
DA:239,0
FN:253,BidOrdersFacet.matchlowestSell
FNDA:0,BidOrdersFacet.matchlowestSell
DA:259,0
DA:262,0
DA:264,0
BRDA:264,14,0,-
BRDA:264,14,1,-
DA:266,0
DA:267,0
DA:268,0
DA:269,0
DA:271,0
BRDA:271,15,0,-
BRDA:271,15,1,-
DA:272,0
DA:273,0
DA:274,0
DA:275,0
DA:278,0
DA:279,0
BRDA:279,16,0,-
BRDA:279,16,1,-
DA:280,0
DA:283,0
DA:295,0
DA:296,0
DA:299,0
DA:300,0
DA:301,0
FN:316,BidOrdersFacet.matchIncomingBid
FNDA:0,BidOrdersFacet.matchIncomingBid
DA:322,0
BRDA:322,17,0,-
BRDA:322,17,1,-
DA:323,0
DA:326,0
DA:327,0
DA:329,0
DA:333,0
BRDA:333,18,0,-
BRDA:333,18,1,-
DA:334,0
DA:335,0
BRDA:335,19,0,-
BRDA:335,19,1,-
DA:336,0
DA:340,0
BRDA:340,20,0,-
BRDA:340,20,1,-
DA:341,0
DA:344,0
DA:346,0
DA:347,0
DA:348,0
DA:351,0
DA:352,0
DA:353,0
DA:354,0
DA:356,0
BRDA:356,21,0,-
BRDA:356,21,1,-
DA:357,0
DA:359,0
DA:360,0
BRDA:358,22,0,-
BRDA:358,22,1,-
DA:362,0
DA:364,0
BRDA:364,23,0,-
BRDA:364,23,1,-
DA:365,0
DA:367,0
DA:373,0
DA:374,0
DA:375,0
DA:376,0
DA:386,0
DA:387,0
FN:391,BidOrdersFacet._getLowestSell
FNDA:0,BidOrdersFacet._getLowestSell
DA:396,0
BRDA:396,24,0,-
BRDA:396,24,1,-
DA:397,0
DA:398,0
DA:400,0
DA:401,0
DA:402,0
BRDA:402,25,0,-
BRDA:402,25,1,-
DA:403,0
DA:405,0
DA:407,0
BRDA:407,26,0,-
BRDA:407,26,1,-
DA:409,0
FN:413,BidOrdersFacet._shortDirectionHandler
FNDA:0,BidOrdersFacet._shortDirectionHandler
DA:446,0
DA:447,0
BRDA:447,27,0,-
BRDA:447,27,1,-
DA:449,0
DA:450,0
DA:451,0
BRDA:451,28,0,-
BRDA:451,28,1,-
DA:452,0
DA:453,0
DA:455,0
DA:457,0
BRDA:457,29,0,-
BRDA:457,29,1,-
DA:458,0
DA:460,0
BRDA:460,30,0,-
BRDA:460,30,1,-
DA:461,0
FNF:8
FNH:0
LF:147
LH:0
BRF:62
BRH:0
end_of_record
TN:
SF:contracts/facets/BridgeRouterFacet.sol
FN:32,BridgeRouterFacet.getDethTotal
FNDA:0,BridgeRouterFacet.getDethTotal
DA:38,0
FN:42,BridgeRouterFacet.getBridges
FNDA:0,BridgeRouterFacet.getBridges
DA:43,0
FN:46,BridgeRouterFacet.deposit
FNDA:0,BridgeRouterFacet.deposit
DA:47,0
BRDA:47,0,0,-
BRDA:47,0,1,-
DA:49,0
DA:51,0
DA:53,0
DA:54,0
DA:55,0
FN:58,BridgeRouterFacet.depositEth
FNDA:0,BridgeRouterFacet.depositEth
DA:59,0
BRDA:59,1,0,-
BRDA:59,1,1,-
DA:61,0
DA:63,0
DA:64,0
DA:65,0
DA:66,0
FN:69,BridgeRouterFacet.withdraw
FNDA:0,BridgeRouterFacet.withdraw
DA:70,0
BRDA:70,2,0,-
BRDA:70,2,1,-
DA:72,0
DA:74,0
DA:75,0
BRDA:75,3,0,-
BRDA:75,3,1,-
DA:76,0
DA:77,0
DA:78,0
BRDA:78,4,0,-
BRDA:78,4,1,-
DA:79,0
DA:80,0
DA:81,0
BRDA:81,5,0,-
BRDA:81,5,1,-
DA:82,0
DA:83,0
DA:84,0
DA:89,0
DA:90,0
DA:91,0
DA:92,0
FN:95,BridgeRouterFacet.withdrawTapp
FNDA:0,BridgeRouterFacet.withdrawTapp
DA:96,0
BRDA:96,6,0,-
BRDA:96,6,1,-
DA:98,0
DA:99,0
DA:101,0
DA:102,0
DA:104,0
DA:105,0
FN:108,BridgeRouterFacet.maybeUpdateYield
FNDA:0,BridgeRouterFacet.maybeUpdateYield
DA:109,0
DA:111,0
DA:112,0
BRDA:110,7,0,-
BRDA:110,7,1,-
DA:115,0
FN:120,BridgeRouterFacet._getVault
FNDA:0,BridgeRouterFacet._getVault
DA:125,0
BRDA:125,8,0,-
BRDA:125,8,1,-
DA:126,0
DA:127,0
BRDA:127,9,0,-
BRDA:127,9,1,-
DA:128,0
DA:129,0
DA:131,0
DA:132,0
BRDA:132,10,0,-
BRDA:132,10,1,-
FN:136,BridgeRouterFacet._ethConversion
FNDA:0,BridgeRouterFacet._ethConversion
DA:137,0
DA:138,0
DA:140,0
BRDA:140,11,0,-
BRDA:140,11,1,-
DA:142,0
DA:146,0
FNF:9
FNH:0
LF:54
LH:0
BRF:24
BRH:0
end_of_record
TN:
SF:contracts/facets/DiamondCutFacet.sol
FN:24,DiamondCutFacet.diamondCut
FNDA:0,DiamondCutFacet.diamondCut
DA:29,0
DA:30,0
FNF:1
FNH:0
LF:2
LH:0
BRF:0
BRH:0
end_of_record
TN:
SF:contracts/facets/DiamondEtherscanFacet.sol
FN:9,DiamondEtherscanFacet.setDummyImplementation
FNDA:0,DiamondEtherscanFacet.setDummyImplementation
DA:10,0
DA:11,0
FN:15,DiamondEtherscanFacet.implementation
FNDA:0,DiamondEtherscanFacet.implementation
DA:16,0
FNF:2
FNH:0
LF:3
LH:0
BRF:0
BRH:0
end_of_record
TN:
SF:contracts/facets/DiamondLoupeFacet.sol
FN:21,DiamondLoupeFacet.facets
FNDA:0,DiamondLoupeFacet.facets
DA:22,0
DA:23,0
DA:24,0
DA:25,0
DA:26,0
DA:28,0
DA:29,0
DA:30,0
DA:31,0
DA:32,0
BRDA:32,0,0,-
BRDA:32,0,1,-
DA:33,0
DA:35,0
DA:36,0
DA:37,0
DA:38,0
DA:39,0
BRDA:39,1,0,-
BRDA:39,1,1,-
DA:40,0
DA:43,0
BRDA:43,2,0,-
BRDA:43,2,1,-
DA:44,0
DA:45,0
DA:46,0
DA:49,0
BRDA:49,3,0,-
BRDA:49,3,1,-
DA:50,0
DA:51,0
DA:53,0
DA:54,0
DA:55,0
DA:56,0
DA:57,0
DA:60,0
DA:61,0
DA:62,0
FN:77,DiamondLoupeFacet.facetFunctionSelectors
FNDA:0,DiamondLoupeFacet.facetFunctionSelectors
DA:83,0
DA:84,0
DA:85,0
DA:86,0
DA:88,0
DA:89,0
DA:90,0
DA:91,0
DA:92,0
BRDA:92,4,0,-
BRDA:92,4,1,-
DA:93,0
DA:95,0
DA:96,0
DA:97,0
BRDA:97,5,0,-
BRDA:97,5,1,-
DA:98,0
DA:99,0
FN:111,DiamondLoupeFacet.facetAddresses
FNDA:0,DiamondLoupeFacet.facetAddresses
DA:117,0
DA:118,0
DA:119,0
DA:120,0
DA:122,0
DA:123,0
DA:124,0
DA:125,0
DA:126,0
BRDA:126,6,0,-
BRDA:126,6,1,-
DA:127,0
DA:129,0
DA:130,0
DA:131,0
DA:132,0
DA:133,0
BRDA:133,7,0,-
BRDA:133,7,1,-
DA:134,0
DA:135,0
DA:138,0
BRDA:138,8,0,-
BRDA:138,8,1,-
DA:139,0
DA:140,0
DA:142,0
DA:143,0
FN:156,DiamondLoupeFacet.facetAddress
FNDA:0,DiamondLoupeFacet.facetAddress
DA:162,0
DA:163,0
FNF:4
FNH:0
LF:71
LH:0
BRF:18
BRH:0
end_of_record
TN:
SF:contracts/facets/ERC721Facet.sol
FN:22,ERC721Facet.balanceOf
FNDA:0,ERC721Facet.balanceOf
DA:23,0
BRDA:23,0,0,-
BRDA:23,0,1,-
DA:24,0
DA:27,0
DA:28,0
DA:29,0
DA:30,0
DA:31,0
DA:32,0
DA:33,0
BRDA:33,1,0,-
BRDA:33,1,1,-
DA:34,0
DA:37,0
DA:41,0
FN:54,ERC721Facet._exists
FNDA:0,ERC721Facet._exists
DA:55,0
FN:61,ERC721Facet._ownerOf
FNDA:0,ERC721Facet._ownerOf
DA:62,0
FN:72,ERC721Facet.ownerOf
FNDA:0,ERC721Facet.ownerOf
DA:73,0
DA:74,0
BRDA:74,2,0,-
BRDA:74,2,1,-
DA:75,0
DA:77,0
FN:94,ERC721Facet.safeTransferFrom
FNDA:0,ERC721Facet.safeTransferFrom
DA:95,0
FN:113,ERC721Facet.safeTransferFrom
FNDA:0,ERC721Facet.safeTransferFrom
DA:119,0
DA:121,0
BRDA:121,3,0,-
BRDA:121,3,1,-
DA:122,0
FN:142,ERC721Facet.transferFrom
FNDA:0,ERC721Facet.transferFrom
DA:144,0
BRDA:144,4,0,-
BRDA:144,4,1,-
DA:147,0
DA:148,0
BRDA:146,5,0,-
BRDA:146,5,1,-
DA:149,0
DA:151,0
DA:152,0
BRDA:152,6,0,-
BRDA:152,6,1,-
DA:153,0
DA:155,0
BRDA:155,7,0,-
BRDA:155,7,1,-
DA:156,0
DA:160,0
DA:162,0
DA:164,0
FN:172,ERC721Facet.isApprovedForAll
FNDA:0,ERC721Facet.isApprovedForAll
DA:177,0
FN:193,ERC721Facet.approve
FNDA:0,ERC721Facet.approve
DA:195,0
BRDA:195,8,0,-
BRDA:195,8,1,-
DA:196,0
DA:198,0
BRDA:198,9,0,-
BRDA:198,9,1,-
DA:199,0
DA:202,0
BRDA:202,10,0,-
BRDA:202,10,1,-
DA:203,0
DA:206,0
DA:208,0
FN:221,ERC721Facet.setApprovalForAll
FNDA:0,ERC721Facet.setApprovalForAll
DA:222,0
BRDA:222,11,0,-
BRDA:222,11,1,-
DA:223,0
DA:225,0
DA:226,0
FN:232,ERC721Facet._requireMinted
FNDA:0,ERC721Facet._requireMinted
DA:233,0
BRDA:233,12,0,-
BRDA:233,12,1,-
DA:234,0
FN:245,ERC721Facet.getApproved
FNDA:0,ERC721Facet.getApproved
DA:246,0
DA:247,0
FN:258,ERC721Facet.mintNFT
FNDA:0,ERC721Facet.mintNFT
DA:264,0
DA:267,0
DA:270,0
BRDA:270,13,0,-
BRDA:270,13,1,-
DA:272,0
BRDA:271,14,0,-
BRDA:271,14,1,-
DA:274,0
DA:277,0
DA:280,0
BRDA:280,15,0,-
BRDA:280,15,1,-
DA:282,0
DA:283,0
DA:290,0
DA:293,0
FN:296,ERC721Facet.tokenURI
FNDA:0,ERC721Facet.tokenURI
FN:308,ERC721Facet._checkOnERC721Received
FNDA:0,ERC721Facet._checkOnERC721Received
DA:314,0
BRDA:314,16,0,-
BRDA:314,16,1,-
DA:315,0
DA:330,0
FN:335,ERC721Facet.supportsInterface
FNDA:0,ERC721Facet.supportsInterface
DA:336,0
DA:337,0
FNF:16
FNH:0
LF:67
LH:0
BRF:34
BRH:0
end_of_record
TN:
SF:contracts/facets/ExitShortFacet.sol
FN:41,ExitShortFacet.exitShortWallet
FNDA:0,ExitShortFacet.exitShortWallet
DA:52,0
DA:53,0
DA:54,0
DA:56,0
DA:57,0
DA:58,0
BRDA:58,0,0,-
BRDA:58,0,1,-
DA:60,0
DA:61,0
DA:63,0
BRDA:63,1,0,-
BRDA:63,1,1,-
DA:64,0
DA:65,0
DA:66,0
DA:69,0
DA:71,0
DA:74,0
DA:82,0
FN:95,ExitShortFacet.exitShortErcEscrowed
FNDA:0,ExitShortFacet.exitShortErcEscrowed
DA:106,0
DA:107,0
DA:108,0
DA:110,0
DA:111,0
DA:112,0
BRDA:112,2,0,-
BRDA:112,2,1,-
DA:115,0
DA:116,0
BRDA:116,3,0,-
BRDA:116,3,1,-
DA:117,0
DA:120,0
DA:123,0
DA:125,0
BRDA:125,4,0,-
BRDA:125,4,1,-
DA:126,0
DA:127,0
DA:128,0
DA:132,0
DA:134,0
DA:137,0
DA:145,0
FN:160,ExitShortFacet.exitShort
FNDA:0,ExitShortFacet.exitShort
DA:173,0
DA:174,0
DA:175,0
DA:177,0
DA:178,0
DA:181,0
BRDA:181,5,0,-
BRDA:181,5,1,-
DA:182,0
DA:184,0
BRDA:184,6,0,-
BRDA:184,6,1,-
DA:185,0
DA:187,0
DA:188,0
DA:189,0
DA:191,0
BRDA:191,7,0,-
BRDA:191,7,1,-
DA:193,0
DA:196,0
DA:197,0
DA:198,0
DA:199,0
DA:201,0
BRDA:201,8,0,-
BRDA:201,8,1,-
DA:202,0
DA:206,0
DA:207,0
BRDA:207,9,0,-
BRDA:207,9,1,-
DA:211,0
DA:212,0
DA:215,0
DA:218,0
BRDA:218,10,0,-
BRDA:218,10,1,-
DA:219,0
DA:220,0
DA:221,0
DA:224,0
BRDA:224,11,0,-
BRDA:224,11,1,-
DA:226,0
DA:229,0
DA:231,0
DA:232,0
DA:233,0
BRDA:233,12,0,-
BRDA:233,12,1,-
DA:234,0
DA:238,0
BRDA:238,13,0,-
BRDA:238,13,1,-
DA:239,0
DA:243,0
DA:244,0
DA:248,0
FN:251,ExitShortFacet.getCollateralRatioNonPrice
FNDA:0,ExitShortFacet.getCollateralRatioNonPrice
DA:256,0
FNF:4
FNH:0
LF:77
LH:0
BRF:28
BRH:0
end_of_record
TN:
SF:contracts/facets/MarketShutdownFacet.sol
FN:31,MarketShutdownFacet.shutdownMarket
FNDA:0,MarketShutdownFacet.shutdownMarket
DA:38,0
DA:40,0
DA:41,0
DA:42,0
BRDA:42,0,0,-
BRDA:42,0,1,-
DA:43,0
DA:45,0
DA:46,0
DA:47,0
DA:48,0
DA:49,0
DA:50,0
BRDA:50,1,0,-
BRDA:50,1,1,-
DA:52,0
DA:53,0
DA:54,0
DA:56,0
DA:59,0
FN:69,MarketShutdownFacet.redeemErc
FNDA:0,MarketShutdownFacet.redeemErc
DA:74,0
DA:76,0
BRDA:76,2,0,-
BRDA:76,2,1,-
DA:77,0
DA:80,0
BRDA:80,3,0,-
BRDA:80,3,1,-
DA:81,0
DA:84,0
DA:86,0
DA:87,0
DA:88,0
FNF:2
FNH:0
LF:25
LH:0
BRF:8
BRH:0
end_of_record
TN:
SF:contracts/facets/OrdersFacet.sol
FN:26,OrdersFacet.cancelBid
FNDA:0,OrdersFacet.cancelBid
DA:31,0
DA:32,0
BRDA:32,0,0,-
BRDA:32,0,1,-
DA:34,0
FN:44,OrdersFacet.cancelAsk
FNDA:0,OrdersFacet.cancelAsk
DA:49,0
DA:50,0
BRDA:50,1,0,-
BRDA:50,1,1,-
DA:52,0
FN:62,OrdersFacet.cancelShort
FNDA:0,OrdersFacet.cancelShort
DA:67,0
DA:68,0
BRDA:68,2,0,-
BRDA:68,2,1,-
DA:70,0
FN:74,OrdersFacet.cancelOrderFarFromOracle
FNDA:0,OrdersFacet.cancelOrderFarFromOracle
DA:80,0
BRDA:80,3,0,-
BRDA:80,3,1,-
DA:81,0
DA:84,0
BRDA:84,4,0,-
BRDA:84,4,1,-
DA:85,0
DA:89,0
BRDA:88,5,0,-
BRDA:88,5,1,-
DA:91,0
DA:93,0
BRDA:92,6,0,-
BRDA:92,6,1,-
DA:95,0
DA:97,0
DA:98,0
BRDA:96,7,0,-
BRDA:96,7,1,-
DA:100,0
DA:102,0
FN:106,OrdersFacet.cancelManyBids
FNDA:0,OrdersFacet.cancelManyBids
DA:109,0
DA:110,0
DA:111,0
DA:112,0
DA:113,0
DA:114,0
DA:116,0
FN:121,OrdersFacet.cancelManyAsks
FNDA:0,OrdersFacet.cancelManyAsks
DA:124,0
DA:125,0
DA:126,0
DA:127,0
DA:128,0
DA:129,0
DA:131,0
FN:136,OrdersFacet.cancelManyShorts
FNDA:0,OrdersFacet.cancelManyShorts
DA:139,0
DA:140,0
DA:141,0
DA:142,0
DA:143,0
DA:144,0
DA:146,0
FNF:7
FNH:0
LF:42
LH:0
BRF:16
BRH:0
end_of_record
TN:
SF:contracts/facets/OwnerFacet.sol
FN:44,OwnerFacet.createMarket
FNDA:0,OwnerFacet.createMarket
DA:45,0
DA:47,0
BRDA:47,0,0,-
BRDA:47,0,1,-
DA:49,0
DA:50,0
DA:52,0
DA:53,0
DA:54,0
DA:56,0
DA:57,0
DA:58,0
DA:59,0
DA:61,0
DA:64,0
DA:65,0
DA:66,0
DA:69,0
DA:70,0
DA:73,0
DA:74,0
DA:75,0
DA:76,0
DA:77,0
DA:78,0
DA:79,0
DA:80,0
DA:81,0
DA:82,0
DA:83,0
DA:84,0
DA:85,0
DA:88,0
DA:89,0
FN:93,OwnerFacet.owner
FNDA:0,OwnerFacet.owner
DA:94,0
FN:97,OwnerFacet.admin
FNDA:0,OwnerFacet.admin
DA:98,0
FN:102,OwnerFacet.ownerCandidate
FNDA:0,OwnerFacet.ownerCandidate
DA:103,0
FN:106,OwnerFacet.transferOwnership
FNDA:0,OwnerFacet.transferOwnership
DA:107,0
DA:108,0
FN:112,OwnerFacet.claimOwnership
FNDA:0,OwnerFacet.claimOwnership
DA:113,0
BRDA:113,1,0,-
BRDA:113,1,1,-
DA:114,0
DA:115,0
FN:119,OwnerFacet.transferAdminship
FNDA:0,OwnerFacet.transferAdminship
DA:120,0
DA:121,0
FN:124,OwnerFacet.createVault
FNDA:0,OwnerFacet.createVault
DA:129,0
BRDA:129,2,0,-
BRDA:129,2,1,-
DA:130,0
DA:131,0
DA:132,0
DA:133,0
DA:134,0
FN:138,OwnerFacet.setTithe
FNDA:0,OwnerFacet.setTithe
DA:139,0
DA:140,0
FN:143,OwnerFacet.setDittoMatchedRate
FNDA:0,OwnerFacet.setDittoMatchedRate
DA:147,0
DA:148,0
FN:151,OwnerFacet.setDittoShorterRate
FNDA:0,OwnerFacet.setDittoShorterRate
DA:155,0
DA:156,0
FN:163,OwnerFacet.setInitialCR
FNDA:0,OwnerFacet.setInitialCR
DA:164,0
BRDA:164,3,0,-
BRDA:164,3,1,-
DA:165,0
DA:166,0
FN:169,OwnerFacet.setPrimaryLiquidationCR
FNDA:0,OwnerFacet.setPrimaryLiquidationCR
DA:173,0
BRDA:173,4,0,-
BRDA:173,4,1,-
DA:176,0
DA:177,0
FN:180,OwnerFacet.setSecondaryLiquidationCR
FNDA:0,OwnerFacet.setSecondaryLiquidationCR
DA:184,0
DA:185,0
BRDA:185,5,0,-
BRDA:185,5,1,-
DA:189,0
FN:192,OwnerFacet.setForcedBidPriceBuffer
FNDA:0,OwnerFacet.setForcedBidPriceBuffer
DA:196,0
DA:197,0
FN:200,OwnerFacet.setMinimumCR
FNDA:0,OwnerFacet.setMinimumCR
DA:201,0
DA:202,0
FN:208,OwnerFacet.setResetLiquidationTime
FNDA:0,OwnerFacet.setResetLiquidationTime
DA:212,0
DA:213,0
BRDA:213,6,0,-
BRDA:213,6,1,-
DA:216,0
FN:219,OwnerFacet.setSecondLiquidationTime
FNDA:0,OwnerFacet.setSecondLiquidationTime
DA:223,0
DA:224,0
BRDA:224,7,0,-
BRDA:224,7,1,-
DA:227,0
FN:230,OwnerFacet.setFirstLiquidationTime
FNDA:0,OwnerFacet.setFirstLiquidationTime
DA:234,0
DA:235,0
FN:238,OwnerFacet.setTappFeePct
FNDA:0,OwnerFacet.setTappFeePct
DA:239,0
DA:240,0
FN:243,OwnerFacet.setCallerFeePct
FNDA:0,OwnerFacet.setCallerFeePct
DA:244,0
DA:245,0
FN:248,OwnerFacet.setMinBidEth
FNDA:0,OwnerFacet.setMinBidEth
DA:249,0
DA:250,0
FN:253,OwnerFacet.setMinAskEth
FNDA:0,OwnerFacet.setMinAskEth
DA:254,0
DA:255,0
FN:258,OwnerFacet.setMinShortErc
FNDA:0,OwnerFacet.setMinShortErc
DA:259,0
DA:260,0
FN:263,OwnerFacet.createBridge
FNDA:0,OwnerFacet.createBridge
DA:267,0
BRDA:267,8,0,-
BRDA:267,8,1,-
DA:268,0
DA:269,0
BRDA:269,9,0,-
BRDA:269,9,1,-
DA:271,0
DA:272,0
DA:273,0
DA:274,0
FN:277,OwnerFacet.setWithdrawalFee
FNDA:0,OwnerFacet.setWithdrawalFee
DA:281,0
DA:282,0
FN:285,OwnerFacet._setAssetOracle
FNDA:0,OwnerFacet._setAssetOracle
DA:286,0
BRDA:286,10,0,-
BRDA:286,10,1,-
DA:287,0
FN:290,OwnerFacet._setTithe
FNDA:0,OwnerFacet._setTithe
DA:291,0
BRDA:291,11,0,-
BRDA:291,11,1,-
DA:293,0
FN:296,OwnerFacet._setDittoMatchedRate
FNDA:0,OwnerFacet._setDittoMatchedRate
DA:297,0
BRDA:297,12,0,-
BRDA:297,12,1,-
DA:298,0
FN:301,OwnerFacet._setDittoShorterRate
FNDA:0,OwnerFacet._setDittoShorterRate
DA:302,0
BRDA:302,13,0,-
BRDA:302,13,1,-
DA:303,0
FN:306,OwnerFacet._setInitialCR
FNDA:0,OwnerFacet._setInitialCR
DA:307,0
BRDA:307,14,0,-
BRDA:307,14,1,-
DA:308,0
DA:309,0
BRDA:309,15,0,-
BRDA:309,15,1,-
FN:312,OwnerFacet._setPrimaryLiquidationCR
FNDA:0,OwnerFacet._setPrimaryLiquidationCR
DA:313,0
BRDA:313,16,0,-
BRDA:313,16,1,-
DA:314,0
BRDA:314,17,0,-
BRDA:314,17,1,-
DA:315,0
BRDA:315,18,0,-
BRDA:315,18,1,-
DA:316,0
FN:319,OwnerFacet._setSecondaryLiquidationCR
FNDA:0,OwnerFacet._setSecondaryLiquidationCR
DA:320,0
BRDA:320,19,0,-
BRDA:320,19,1,-
DA:321,0
BRDA:321,20,0,-
BRDA:321,20,1,-
DA:322,0
BRDA:322,21,0,-
BRDA:322,21,1,-
DA:323,0
FN:326,OwnerFacet._setForcedBidPriceBuffer
FNDA:0,OwnerFacet._setForcedBidPriceBuffer
DA:327,0
BRDA:327,22,0,-
BRDA:327,22,1,-
DA:328,0
BRDA:328,23,0,-
BRDA:328,23,1,-
DA:329,0
FN:332,OwnerFacet._setMinimumCR
FNDA:0,OwnerFacet._setMinimumCR
DA:333,0
BRDA:333,24,0,-
BRDA:333,24,1,-
DA:334,0
BRDA:334,25,0,-
BRDA:334,25,1,-
DA:335,0
DA:336,0
BRDA:336,26,0,-
BRDA:336,26,1,-
FN:345,OwnerFacet._setResetLiquidationTime
FNDA:0,OwnerFacet._setResetLiquidationTime
DA:346,0
BRDA:346,27,0,-
BRDA:346,27,1,-
DA:347,0
BRDA:347,28,0,-
BRDA:347,28,1,-
DA:348,0
FN:351,OwnerFacet._setSecondLiquidationTime
FNDA:0,OwnerFacet._setSecondLiquidationTime
DA:352,0
BRDA:352,29,0,-
BRDA:352,29,1,-
DA:353,0
BRDA:353,30,0,-
BRDA:353,30,1,-
DA:356,0
FN:359,OwnerFacet._setFirstLiquidationTime
FNDA:0,OwnerFacet._setFirstLiquidationTime
DA:360,0
BRDA:360,31,0,-
BRDA:360,31,1,-
DA:361,0
BRDA:361,32,0,-
BRDA:361,32,1,-
DA:364,0
FN:367,OwnerFacet._setTappFeePct
FNDA:0,OwnerFacet._setTappFeePct
DA:368,0
BRDA:368,33,0,-
BRDA:368,33,1,-
DA:369,0
BRDA:369,34,0,-
BRDA:369,34,1,-
DA:370,0
FN:373,OwnerFacet._setCallerFeePct
FNDA:0,OwnerFacet._setCallerFeePct
DA:374,0
BRDA:374,35,0,-
BRDA:374,35,1,-
DA:375,0
BRDA:375,36,0,-
BRDA:375,36,1,-
DA:376,0
FN:379,OwnerFacet._setMinBidEth
FNDA:0,OwnerFacet._setMinBidEth
DA:381,0
BRDA:381,37,0,-
BRDA:381,37,1,-
DA:382,0
FN:385,OwnerFacet._setMinAskEth
FNDA:0,OwnerFacet._setMinAskEth
DA:387,0
BRDA:387,38,0,-
BRDA:387,38,1,-
DA:388,0
FN:391,OwnerFacet._setMinShortErc
FNDA:0,OwnerFacet._setMinShortErc
DA:393,0
BRDA:393,39,0,-
BRDA:393,39,1,-
DA:394,0
FN:397,OwnerFacet._setWithdrawalFee
FNDA:0,OwnerFacet._setWithdrawalFee
DA:398,0
BRDA:398,40,0,-
BRDA:398,40,1,-
DA:399,0
FNF:44
FNH:0
LF:143
LH:0
BRF:82
BRH:0
end_of_record
TN:
SF:contracts/facets/PrimaryLiquidationFacet.sol
FN:46,PrimaryLiquidationFacet.liquidate
FNDA:0,PrimaryLiquidationFacet.liquidate
DA:59,0
BRDA:59,0,0,-
BRDA:59,0,1,-
DA:61,0
BRDA:61,1,0,-
BRDA:61,1,1,-
DA:63,0
DA:72,0
DA:74,0
DA:77,0
BRDA:77,2,0,-
BRDA:77,2,1,-
DA:78,0
DA:82,0
DA:84,0
DA:86,0
DA:88,0
DA:90,0
DA:92,0
FN:99,PrimaryLiquidationFacet._checklowestSell
FNDA:0,PrimaryLiquidationFacet._checklowestSell
DA:100,0
DA:101,0
DA:102,0
DA:105,0
BRDA:103,3,0,-
BRDA:103,3,1,-
DA:115,0
FN:129,PrimaryLiquidationFacet._setLiquidationStruct
FNDA:0,PrimaryLiquidationFacet._setLiquidationStruct
DA:133,0
DA:135,0
DA:136,0
DA:137,0
DA:138,0
DA:139,0
DA:140,0
DA:141,0
DA:142,0
DA:143,0
DA:144,0
DA:145,0
DA:146,0
DA:149,0
FN:163,PrimaryLiquidationFacet._performForcedBid
FNDA:0,PrimaryLiquidationFacet._performForcedBid
DA:167,0
DA:168,0
DA:171,0
DA:174,0
DA:177,0
DA:178,0
DA:181,0
BRDA:181,4,0,-
BRDA:181,4,1,-
DA:182,0
DA:183,0
DA:184,0
BRDA:184,5,0,-
BRDA:184,5,1,-
DA:186,0
DA:188,0
DA:190,0
DA:192,0
DA:195,0
DA:197,0
DA:201,0
DA:205,0
DA:208,0
DA:209,0
DA:211,0
DA:214,0
FN:224,PrimaryLiquidationFacet._liquidationFeeHandler
FNDA:0,PrimaryLiquidationFacet._liquidationFeeHandler
DA:225,0
DA:226,0
DA:228,0
DA:229,0
DA:231,0
DA:233,0
BRDA:233,6,0,-
BRDA:233,6,1,-
DA:234,0
DA:235,0
DA:238,0
DA:239,0
DA:240,0
FN:244,PrimaryLiquidationFacet.min88
FNDA:0,PrimaryLiquidationFacet.min88
DA:245,0
BRDA:245,7,0,-
BRDA:245,7,1,-
DA:246,0
FN:255,PrimaryLiquidationFacet._fullorPartialLiquidation
FNDA:0,PrimaryLiquidationFacet._fullorPartialLiquidation
DA:256,0
DA:257,0
DA:259,0
BRDA:259,8,0,-
BRDA:259,8,1,-
DA:261,0
DA:268,0
DA:269,0
BRDA:269,9,0,-
BRDA:269,9,1,-
DA:270,0
DA:271,0
DA:272,0
DA:276,0
DA:277,0
BRDA:277,10,0,-
BRDA:277,10,1,-
DA:278,0
DA:280,0
DA:281,0
DA:283,0
DA:284,0
DA:289,0
BRDA:289,11,0,-
BRDA:289,11,1,-
DA:291,0
DA:293,0
FNF:7
FNH:0
LF:86
LH:0
BRF:24
BRH:0
end_of_record
TN:
SF:contracts/facets/RedemptionFacet.sol
FN:25,RedemptionFacet.proposeRedemption
FNDA:0,RedemptionFacet.proposeRedemption
DA:30,0
DA:31,0
DA:32,0
DA:33,0
DA:34,0
DA:35,0
DA:37,0
BRDA:37,0,0,-
BRDA:37,0,1,-
DA:38,0
DA:41,0
BRDA:41,1,0,-
BRDA:41,1,1,-
DA:42,0
DA:46,0
BRDA:46,2,0,-
BRDA:46,2,1,-
DA:47,0
DA:51,0
DA:52,0
DA:53,0
DA:54,0
DA:55,0
DA:58,0
DA:60,0
DA:61,0
DA:62,0
DA:65,0
DA:70,0
BRDA:70,3,0,-
BRDA:70,3,1,-
DA:71,0
DA:72,0
DA:75,0
DA:77,0
DA:79,0
DA:82,0
BRDA:82,4,0,-
BRDA:82,4,1,-
DA:83,0
DA:84,0
DA:87,0
DA:89,0
DA:90,0
BRDA:90,5,0,-
BRDA:90,5,1,-
DA:91,0
DA:93,0
DA:96,0
DA:97,0
BRDA:97,6,0,-
BRDA:97,6,1,-
DA:98,0
DA:101,0
DA:102,0
DA:104,0
DA:106,0
DA:107,0
DA:108,0
DA:109,0
DA:110,0
DA:112,0
DA:119,0
DA:120,0
BRDA:120,7,0,-
BRDA:120,7,1,-
DA:123,0
BRDA:123,8,0,-
BRDA:123,8,1,-
DA:124,0
DA:127,0
DA:128,0
DA:130,0
DA:131,0
BRDA:131,9,0,-
BRDA:131,9,1,-
DA:132,0
DA:133,0
DA:134,0
BRDA:134,10,0,-
BRDA:134,10,1,-
DA:135,0
DA:136,0
DA:137,0
BRDA:137,11,0,-
BRDA:137,11,1,-
DA:140,0
DA:142,0
DA:146,0
DA:148,0
DA:149,0
DA:151,0
DA:152,0
DA:155,0
BRDA:155,12,0,-
BRDA:155,12,1,-
DA:156,0
DA:157,0
BRDA:157,13,0,-
BRDA:157,13,1,-
DA:158,0
DA:160,0
DA:163,0
DA:164,0
DA:165,0
FN:170,RedemptionFacet.challengeRedemption
FNDA:0,RedemptionFacet.challengeRedemption
FNF:2
FNH:0
LF:77
LH:0
BRF:28
BRH:0
end_of_record
TN:
SF:contracts/facets/SecondaryLiquidationFacet.sol
FN:39,SecondaryLiquidationFacet.liquidateSecondary
FNDA:0,SecondaryLiquidationFacet.liquidateSecondary
DA:45,0
DA:46,0
DA:47,0
DA:48,0
DA:49,0
DA:51,0
DA:52,0
DA:54,0
DA:55,0
DA:57,0
DA:62,0
DA:63,0
DA:64,0
DA:65,0
BRDA:61,0,0,-
BRDA:61,0,1,-
DA:68,0
DA:71,0
DA:72,0
BRDA:72,1,0,-
BRDA:72,1,1,-
DA:73,0
DA:74,0
DA:76,0
DA:77,0
DA:80,0
BRDA:80,2,0,-
BRDA:80,2,1,-
DA:84,0
DA:85,0
BRDA:83,3,0,-
BRDA:83,3,1,-
DA:87,0
DA:92,0
DA:94,0
BRDA:94,4,0,-
BRDA:94,4,1,-
DA:95,0
DA:96,0
BRDA:96,5,0,-
BRDA:96,5,1,-
DA:97,0
DA:102,0
BRDA:102,6,0,-
BRDA:102,6,1,-
DA:103,0
DA:104,0
DA:105,0
BRDA:105,7,0,-
BRDA:105,7,1,-
DA:106,0
DA:107,0
BRDA:107,8,0,-
BRDA:107,8,1,-
DA:109,0
BRDA:109,9,0,-
BRDA:109,9,1,-
DA:110,0
DA:112,0
DA:115,0
BRDA:115,10,0,-
BRDA:115,10,1,-
DA:117,0
DA:120,0
DA:123,0
BRDA:123,11,0,-
BRDA:123,11,1,-
DA:124,0
BRDA:124,12,0,-
BRDA:124,12,1,-
DA:125,0
DA:130,0
DA:131,0
DA:132,0
BRDA:132,13,0,-
BRDA:132,13,1,-
DA:135,0
BRDA:135,14,0,-
BRDA:135,14,1,-
DA:136,0
DA:141,0
DA:142,0
DA:143,0
DA:145,0
FN:157,SecondaryLiquidationFacet._setLiquidationStruct
FNDA:0,SecondaryLiquidationFacet._setLiquidationStruct
DA:163,0
DA:165,0
DA:166,0
DA:167,0
DA:169,0
BRDA:169,15,0,-
BRDA:169,15,1,-
DA:170,0
DA:171,0
DA:172,0
DA:173,0
DA:174,0
DA:175,0
DA:176,0
FN:193,SecondaryLiquidationFacet._secondaryLiquidationHelper
FNDA:0,SecondaryLiquidationFacet._secondaryLiquidationHelper
DA:194,0
BRDA:194,16,0,-
BRDA:194,16,1,-
DA:195,0
DA:199,0
DA:200,0
DA:202,0
DA:205,0
DA:208,0
DA:215,0
FN:218,SecondaryLiquidationFacet.min88
FNDA:0,SecondaryLiquidationFacet.min88
DA:219,0
BRDA:219,17,0,-
BRDA:219,17,1,-
DA:220,0
FN:223,SecondaryLiquidationFacet._secondaryLiquidationHelperPartialTapp
FNDA:0,SecondaryLiquidationFacet._secondaryLiquidationHelperPartialTapp
DA:226,0
DA:229,0
DA:232,0
DA:234,0
DA:235,0
FNF:5
FNH:0
LF:81
LH:0
BRF:36
BRH:0
end_of_record
TN:
SF:contracts/facets/ShortOrdersFacet.sol
FN:34,ShortOrdersFacet.createLimitShort
FNDA:0,ShortOrdersFacet.createLimitShort
DA:42,0
DA:43,0
DA:44,0
DA:47,0
DA:50,0
DA:51,0
BRDA:51,0,0,-
BRDA:51,0,1,-
DA:52,0
DA:55,0
DA:56,0
DA:57,0
DA:58,0
BRDA:58,1,0,-
BRDA:58,1,1,-
DA:59,0
DA:62,0
BRDA:62,2,0,-
BRDA:62,2,1,-
DA:63,0
DA:66,0
DA:67,0
DA:68,0
DA:69,0
DA:70,0
DA:71,0
DA:72,0
DA:74,0
DA:76,0
DA:78,0
BRDA:78,3,0,-
BRDA:78,3,1,-
DA:80,0
DA:85,0
DA:87,0
BRDA:87,4,0,-
BRDA:87,4,1,-
DA:88,0
DA:90,0
FNF:1
FNH:0
LF:29
LH:0
BRF:10
BRH:0
end_of_record
TN:
SF:contracts/facets/ShortRecordFacet.sol
FN:38,ShortRecordFacet.increaseCollateral
FNDA:0,ShortRecordFacet.increaseCollateral
DA:44,0
DA:45,0
DA:46,0
DA:47,0
DA:48,0
BRDA:48,0,0,-
BRDA:48,0,1,-
DA:50,0
DA:51,0
DA:52,0
DA:53,0
DA:55,0
DA:56,0
BRDA:56,1,0,-
BRDA:56,1,1,-
DA:59,0
DA:61,0
DA:62,0
DA:64,0
DA:65,0
DA:66,0
DA:67,0
FN:80,ShortRecordFacet.decreaseCollateral
FNDA:0,ShortRecordFacet.decreaseCollateral
DA:86,0
DA:87,0
DA:88,0
BRDA:88,2,0,-
BRDA:88,2,1,-
DA:90,0
DA:92,0
DA:93,0
BRDA:93,3,0,-
BRDA:93,3,1,-
DA:95,0
DA:96,0
DA:98,0
DA:101,0
FN:112,ShortRecordFacet.combineShorts
FNDA:0,ShortRecordFacet.combineShorts
DA:122,0
BRDA:122,4,0,-
BRDA:122,4,1,-
DA:123,0
DA:125,0
BRDA:125,5,0,-
BRDA:125,5,1,-
DA:127,0
DA:129,0
DA:130,0
DA:131,0
DA:133,0
DA:134,0
DA:135,0
DA:136,0
DA:139,0
DA:142,0
BRDA:142,6,0,-
BRDA:142,6,1,-
DA:143,0
DA:147,0
DA:148,0
DA:149,0
DA:150,0
DA:151,0
DA:152,0
DA:155,0
BRDA:155,7,0,-
BRDA:155,7,1,-
DA:157,0
BRDA:157,8,0,-
BRDA:157,8,1,-
DA:158,0
DA:163,0
DA:166,0
BRDA:166,9,0,-
BRDA:166,9,1,-
DA:167,0
DA:168,0
DA:170,0
BRDA:170,10,0,-
BRDA:170,10,1,-
DA:171,0
DA:173,0
DA:178,0
BRDA:178,11,0,-
BRDA:178,11,1,-
DA:181,0
DA:186,0
DA:188,0
FNF:3
FNH:0
LF:62
LH:0
BRF:24
BRH:0
end_of_record
TN:
SF:contracts/facets/TWAPFacet.sol
FN:12,TWAPFacet.estimateWETHInUSDC
FNDA:0,TWAPFacet.estimateWETHInUSDC
DA:17,0
FNF:1
FNH:0
LF:1
LH:0
BRF:0
BRH:0
end_of_record
TN:
SF:contracts/facets/TestFacet.sol
FN:27,TestFacet.setFrozenT
FNDA:0,TestFacet.setFrozenT
DA:28,0
FN:32,TestFacet.setprimaryLiquidationCRT
FNDA:0,TestFacet.setprimaryLiquidationCRT
DA:33,0
FN:36,TestFacet.getAskKey
FNDA:0,TestFacet.getAskKey
DA:41,0
FN:44,TestFacet.getBidKey
FNDA:0,TestFacet.getBidKey
DA:49,0
FN:52,TestFacet.getBidOrder
FNDA:0,TestFacet.getBidOrder
DA:57,0
FN:60,TestFacet.getAskOrder
FNDA:0,TestFacet.getAskOrder
DA:65,0
FN:68,TestFacet.getShortOrder
FNDA:0,TestFacet.getShortOrder
DA:73,0
FN:76,TestFacet.currentInactiveBids
FNDA:0,TestFacet.currentInactiveBids
DA:81,0
DA:82,0
DA:84,0
DA:85,0
DA:86,0
DA:89,0
DA:90,0
DA:92,0
DA:93,0
DA:94,0
DA:96,0
FN:99,TestFacet.currentInactiveAsks
FNDA:0,TestFacet.currentInactiveAsks
DA:104,0
DA:105,0
DA:107,0
DA:108,0
DA:109,0
DA:112,0
DA:113,0
DA:115,0
DA:116,0
DA:117,0
DA:119,0
FN:122,TestFacet.currentInactiveShorts
FNDA:0,TestFacet.currentInactiveShorts
DA:127,0
DA:128,0
DA:130,0
DA:131,0
DA:132,0
DA:135,0
DA:136,0
DA:138,0
DA:139,0
DA:140,0
DA:142,0
FN:145,TestFacet.setReentrantStatus
FNDA:0,TestFacet.setReentrantStatus
DA:146,0
FN:149,TestFacet.getReentrantStatus
FNDA:0,TestFacet.getReentrantStatus
DA:150,0
FN:153,TestFacet.getAssetNormalizedStruct
FNDA:0,TestFacet.getAssetNormalizedStruct
DA:158,0
FN:179,TestFacet.getBridgeNormalizedStruct
FNDA:0,TestFacet.getBridgeNormalizedStruct
DA:184,0
FN:189,TestFacet.getWithdrawalFeeP
FNDA:0,TestFacet.getWithdrawalFeeP
DA:194,0
FN:197,TestFacet.setBaseOracle
FNDA:0,TestFacet.setBaseOracle
DA:198,0
FN:202,TestFacet.setOracleTimeAndPrice
FNDA:0,TestFacet.setOracleTimeAndPrice
DA:203,0
FN:206,TestFacet.getOracleTimeT
FNDA:0,TestFacet.getOracleTimeT
DA:207,0
FN:210,TestFacet.getOraclePriceT
FNDA:0,TestFacet.getOraclePriceT
DA:211,0
FN:215,TestFacet.setStartingShortId
FNDA:0,TestFacet.setStartingShortId
DA:216,0
FN:219,TestFacet.updateStartingShortId
FNDA:0,TestFacet.updateStartingShortId
DA:222,0
FN:226,TestFacet.setDethYieldRate
FNDA:0,TestFacet.setDethYieldRate
DA:227,0
FN:230,TestFacet.nonZeroVaultSlot0
FNDA:0,TestFacet.nonZeroVaultSlot0
DA:231,0
FN:234,TestFacet.setforcedBidPriceBufferT
FNDA:0,TestFacet.setforcedBidPriceBufferT
DA:235,0
FN:238,TestFacet.setErcDebtRate
FNDA:0,TestFacet.setErcDebtRate
DA:239,0
FN:242,TestFacet.setOrderIdT
FNDA:0,TestFacet.setOrderIdT
DA:243,0
FN:246,TestFacet.setEthEscrowed
FNDA:0,TestFacet.setEthEscrowed
DA:247,0
FN:250,TestFacet.setErcEscrowed
FNDA:0,TestFacet.setErcEscrowed
DA:251,0
FN:254,TestFacet.setDethTotal
FNDA:0,TestFacet.setDethTotal
DA:255,0
FN:258,TestFacet.setBridgeCredit
FNDA:0,TestFacet.setBridgeCredit
DA:263,0
DA:264,0
FN:267,TestFacet.getUserOrders
FNDA:0,TestFacet.getUserOrders
DA:272,0
DA:274,0
BRDA:274,0,0,-
BRDA:274,0,1,-
DA:275,0
DA:276,0
BRDA:276,1,0,-
BRDA:276,1,1,-
DA:277,0
DA:278,0
BRDA:278,2,0,-
BRDA:278,2,1,-
DA:279,0
DA:281,0
DA:283,0
DA:284,0
BRDA:284,3,0,-
BRDA:284,3,1,-
DA:287,0
DA:288,0
DA:290,0
DA:291,0
BRDA:291,4,0,-
BRDA:291,4,1,-
DA:292,0
DA:293,0
DA:296,0
FN:299,TestFacet.getAssets
FNDA:0,TestFacet.getAssets
DA:300,0
FN:303,TestFacet.getAssetsMapping
FNDA:0,TestFacet.getAssetsMapping
DA:304,0
FN:307,TestFacet.setTokenId
FNDA:0,TestFacet.setTokenId
DA:308,0
FN:311,TestFacet.getTokenId
FNDA:0,TestFacet.getTokenId
DA:312,0
FN:315,TestFacet.getNFT
FNDA:0,TestFacet.getNFT
DA:316,0
FN:319,TestFacet.getNFTName
FNDA:0,TestFacet.getNFTName
DA:320,0
FN:323,TestFacet.getNFTSymbol
FNDA:0,TestFacet.getNFTSymbol
DA:324,0
FN:327,TestFacet.dittoShorterRate
FNDA:0,TestFacet.dittoShorterRate
DA:328,0
FN:332,TestFacet.dittoMatchedRate
FNDA:0,TestFacet.dittoMatchedRate
DA:333,0
FN:337,TestFacet.deleteBridge
FNDA:0,TestFacet.deleteBridge
DA:338,0
DA:339,0
BRDA:339,5,0,-
BRDA:339,5,1,-
DA:341,0
DA:342,0
DA:343,0
DA:344,0
BRDA:344,6,0,-
BRDA:344,6,1,-
DA:345,0
BRDA:345,7,0,-
BRDA:345,7,1,-
DA:346,0
DA:348,0
DA:349,0
DA:352,0
FN:356,TestFacet.setAssetOracle
FNDA:0,TestFacet.setAssetOracle
DA:357,0
FN:360,TestFacet.setErcDebt
FNDA:0,TestFacet.setErcDebt
DA:363,0
FNF:43
FNH:0
LF:100
LH:0
BRF:16
BRH:0
end_of_record
TN:
SF:contracts/facets/VaultFacet.sol
FN:36,VaultFacet.depositAsset
FNDA:0,VaultFacet.depositAsset
DA:42,0
BRDA:42,0,0,-
BRDA:42,0,1,-
DA:44,0
DA:45,0
FN:54,VaultFacet.withdrawAsset
FNDA:0,VaultFacet.withdrawAsset
DA:59,0
BRDA:59,1,0,-
BRDA:59,1,1,-
DA:61,0
DA:62,0
BRDA:62,2,0,-
BRDA:62,2,1,-
DA:64,0
DA:65,0
FNF:2
FNH:0
LF:8
LH:0
BRF:6
BRH:0
end_of_record
TN:
SF:contracts/facets/ViewFacet.sol
FN:34,ViewFacet.getDethBalance
FNDA:0,ViewFacet.getDethBalance
DA:40,0
FN:43,ViewFacet.getAssetBalance
FNDA:0,ViewFacet.getAssetBalance
DA:49,0
FN:53,ViewFacet.getVault
FNDA:0,ViewFacet.getVault
DA:54,0
FN:59,ViewFacet.getBridgeVault
FNDA:0,ViewFacet.getBridgeVault
DA:60,0
FN:63,ViewFacet.getDethYieldRate
FNDA:0,ViewFacet.getDethYieldRate
DA:64,0
FN:76,ViewFacet.getBids
FNDA:0,ViewFacet.getBids
DA:82,0
FN:93,ViewFacet.getAsks
FNDA:0,ViewFacet.getAsks
DA:99,0
FN:110,ViewFacet.getShorts
FNDA:0,ViewFacet.getShorts
DA:116,0
FN:128,ViewFacet.getBidHintId
FNDA:0,ViewFacet.getBidHintId
DA:133,0
FN:148,ViewFacet.getAskHintId
FNDA:0,ViewFacet.getAskHintId
DA:153,0
FN:168,ViewFacet.getShortHintId
FNDA:0,ViewFacet.getShortHintId
DA:173,0
FN:185,ViewFacet.getShortIdAtOracle
FNDA:0,ViewFacet.getShortIdAtOracle
DA:194,0
DA:204,0
BRDA:204,0,0,-
BRDA:204,0,1,-
DA:205,0
DA:207,0
FN:212,ViewFacet.getHintArray
FNDA:0,ViewFacet.getHintArray
DA:217,0
DA:218,0
DA:219,0
DA:221,0
BRDA:221,1,0,-
BRDA:221,1,1,-
DA:222,0
DA:225,0
DA:226,0
BRDA:226,2,0,-
BRDA:226,2,1,-
DA:227,0
DA:230,0
DA:231,0
BRDA:231,3,0,-
BRDA:231,3,1,-
DA:232,0
DA:235,0
DA:238,0
DA:241,0
DA:242,0
BRDA:242,4,0,-
BRDA:242,4,1,-
DA:243,0
DA:244,0
DA:245,0
DA:246,0
BRDA:246,5,0,-
BRDA:246,5,1,-
DA:247,0
DA:248,0
DA:249,0
DA:250,0
BRDA:250,6,0,-
BRDA:250,6,1,-
DA:251,0
DA:252,0
DA:253,0
DA:257,0
BRDA:257,7,0,-
BRDA:257,7,1,-
DA:259,0
DA:263,0
FN:275,ViewFacet.getCollateralRatio
FNDA:0,ViewFacet.getCollateralRatio
DA:281,0
FN:292,ViewFacet.getCollateralRatioSpotPrice
FNDA:0,ViewFacet.getCollateralRatioSpotPrice
DA:298,0
FN:303,ViewFacet.getOracleAssetPrice
FNDA:0,ViewFacet.getOracleAssetPrice
DA:304,0
FN:308,ViewFacet.getProtocolAssetPrice
FNDA:0,ViewFacet.getProtocolAssetPrice
DA:309,0
FN:313,ViewFacet.getProtocolAssetTime
FNDA:0,ViewFacet.getProtocolAssetTime
DA:314,0
FN:319,ViewFacet.getTithe
FNDA:0,ViewFacet.getTithe
DA:320,0
FN:326,ViewFacet.getUndistributedYield
FNDA:0,ViewFacet.getUndistributedYield
DA:332,0
FN:335,ViewFacet.getYield
FNDA:0,ViewFacet.getYield
DA:341,0
DA:342,0
DA:343,0
DA:347,0
DA:349,0
DA:352,0
BRDA:352,8,0,-
BRDA:352,8,1,-
DA:354,0
DA:359,0
BRDA:359,9,0,-
BRDA:359,9,1,-
DA:360,0
DA:362,0
DA:365,0
FN:368,ViewFacet.getDittoMatchedReward
FNDA:0,ViewFacet.getDittoMatchedReward
DA:374,0
DA:375,0
BRDA:375,10,0,-
BRDA:375,10,1,-
DA:376,0
DA:378,0
DA:380,0
DA:382,0
DA:383,0
DA:384,0
DA:385,0
DA:387,0
DA:388,0
FN:391,ViewFacet.getDittoReward
FNDA:0,ViewFacet.getDittoReward
DA:397,0
DA:398,0
BRDA:398,11,0,-
BRDA:398,11,1,-
DA:399,0
DA:401,0
FN:414,ViewFacet.getAssetCollateralRatio
FNDA:0,ViewFacet.getAssetCollateralRatio
DA:420,0
DA:421,0
DA:422,0
FN:435,ViewFacet.getShortRecords
FNDA:0,ViewFacet.getShortRecords
DA:441,0
DA:443,0
DA:445,0
DA:446,0
BRDA:446,12,0,-
BRDA:446,12,1,-
DA:447,0
DA:450,0
DA:453,0
DA:455,0
BRDA:455,13,0,-
BRDA:455,13,1,-
DA:457,0
DA:458,0
DA:461,0
BRDA:461,14,0,-
BRDA:461,14,1,-
DA:462,0
DA:465,0
BRDA:465,15,0,-
BRDA:465,15,1,-
DA:466,0
DA:467,0
DA:469,0
FN:483,ViewFacet.getShortRecord
FNDA:0,ViewFacet.getShortRecord
DA:489,0
FN:500,ViewFacet.getShortRecordCount
FNDA:0,ViewFacet.getShortRecordCount
DA:506,0
FN:517,ViewFacet.getAssetUserStruct
FNDA:0,ViewFacet.getAssetUserStruct
DA:523,0
FN:534,ViewFacet.getVaultUserStruct
FNDA:0,ViewFacet.getVaultUserStruct
DA:540,0
FN:550,ViewFacet.getVaultStruct
FNDA:0,ViewFacet.getVaultStruct
DA:556,0
FN:566,ViewFacet.getAssetStruct
FNDA:0,ViewFacet.getAssetStruct
DA:572,0
FN:582,ViewFacet.getBridgeStruct
FNDA:0,ViewFacet.getBridgeStruct
DA:588,0
FN:596,ViewFacet.getOffsetTime
FNDA:0,ViewFacet.getOffsetTime
DA:597,0
FN:600,ViewFacet.getShortOrderId
FNDA:0,ViewFacet.getShortOrderId
DA:605,0
DA:606,0
DA:607,0
BRDA:607,16,0,-
BRDA:607,16,1,-
DA:608,0
FN:613,ViewFacet.getShortOrderIdArray
FNDA:0,ViewFacet.getShortOrderIdArray
DA:618,0
DA:620,0
DA:622,0
DA:623,0
DA:624,0
DA:625,0
BRDA:625,17,0,-
BRDA:625,17,1,-
DA:627,0
DA:631,0
FN:634,ViewFacet.getMinShortErc
FNDA:0,ViewFacet.getMinShortErc
DA:635,0
FNF:36
FNH:0
LF:117
LH:0
BRF:36
BRH:0
end_of_record
TN:
SF:contracts/facets/YieldFacet.sol
FN:41,YieldFacet.updateYield
FNDA:0,YieldFacet.updateYield
DA:42,0
DA:43,0
FN:47,YieldFacet._updateYieldDiamond
FNDA:0,YieldFacet._updateYieldDiamond
DA:48,0
DA:49,0
FN:59,YieldFacet.distributeYield
FNDA:0,YieldFacet.distributeYield
DA:60,0
DA:61,0
DA:64,0
DA:67,0
DA:68,0
BRDA:68,0,0,-
BRDA:68,0,1,-
DA:69,0
DA:70,0
DA:71,0
DA:73,0
DA:77,0
DA:78,0
FN:82,YieldFacet._distributeYield
FNDA:0,YieldFacet._distributeYield
DA:87,0
DA:89,0
DA:91,0
DA:93,0
DA:95,0
DA:97,0
DA:101,0
DA:103,0
DA:104,0
DA:106,0
BRDA:106,1,0,-
BRDA:106,1,1,-
DA:107,0
DA:108,0
DA:110,0
DA:112,0
DA:114,0
DA:115,0
BRDA:115,2,0,-
BRDA:115,2,1,-
DA:116,0
DA:119,0
DA:123,0
BRDA:123,3,0,-
BRDA:123,3,1,-
DA:124,0
DA:126,0
FN:132,YieldFacet._claimYield
FNDA:0,YieldFacet._claimYield
DA:133,0
DA:134,0
DA:136,0
BRDA:136,4,0,-
BRDA:136,4,1,-
DA:138,0
DA:140,0
DA:141,0
DA:142,0
DA:144,0
DA:145,0
DA:146,0
DA:148,0
BRDA:148,5,0,-
BRDA:148,5,1,-
DA:149,0
FN:158,YieldFacet.claimDittoMatchedReward
FNDA:0,YieldFacet.claimDittoMatchedReward
DA:159,0
DA:160,0
DA:162,0
DA:164,0
BRDA:164,6,0,-
BRDA:164,6,1,-
DA:166,0
DA:168,0
DA:169,0
DA:170,0
DA:171,0
DA:173,0
DA:174,0
DA:176,0
BRDA:176,7,0,-
BRDA:176,7,1,-
DA:177,0
DA:180,0
DA:181,0
BRDA:181,8,0,-
BRDA:181,8,1,-
DA:182,0
DA:183,0
DA:184,0
BRDA:184,9,0,-
BRDA:184,9,1,-
DA:185,0
DA:186,0
FN:196,YieldFacet.withdrawDittoReward
FNDA:0,YieldFacet.withdrawDittoReward
DA:197,0
DA:198,0
DA:200,0
BRDA:200,10,0,-
BRDA:200,10,1,-
DA:202,0
DA:203,0
DA:204,0
FNF:7
FNH:0
LF:74
LH:0
BRF:22
BRH:0
end_of_record
TN:
SF:contracts/governance/DittoGovernor.sol
FN:31,DittoGovernor.votingDelay
FNDA:0,DittoGovernor.votingDelay
DA:37,0
FN:40,DittoGovernor.votingPeriod
FNDA:0,DittoGovernor.votingPeriod
DA:46,0
FN:49,DittoGovernor.quorum
FNDA:0,DittoGovernor.quorum
DA:55,0
FN:58,DittoGovernor.state
FNDA:0,DittoGovernor.state
DA:64,0
FN:67,DittoGovernor.proposalNeedsQueuing
FNDA:0,DittoGovernor.proposalNeedsQueuing
DA:73,0
FN:76,DittoGovernor.proposalThreshold
FNDA:0,DittoGovernor.proposalThreshold
DA:82,0
FN:85,DittoGovernor._queueOperations
FNDA:0,DittoGovernor._queueOperations
DA:92,0
FN:97,DittoGovernor._executeOperations
FNDA:0,DittoGovernor._executeOperations
DA:104,0
FN:107,DittoGovernor._cancel
FNDA:0,DittoGovernor._cancel
DA:113,0
FN:116,DittoGovernor._executor
FNDA:0,DittoGovernor._executor
DA:122,0
FNF:10
FNH:0
LF:10
LH:0
BRF:0
BRH:0
end_of_record
TN:
SF:contracts/libraries/AppStorage.sol
FN:93,Modifiers._onlyValidShortRecord
FNDA:0,Modifiers._onlyValidShortRecord
DA:97,0
DA:98,0
BRDA:98,0,0,-
BRDA:98,0,1,-
DA:99,0
FNF:1
FNH:0
LF:3
LH:0
BRF:2
BRH:0
end_of_record
TN:
SF:contracts/libraries/LibAsset.sol
FN:11,LibAsset.burnMsgSenderDebt
FNDA:0,LibAsset.burnMsgSenderDebt
DA:12,0
DA:13,0
DA:14,0
BRDA:14,0,0,-
BRDA:14,0,1,-
DA:15,0
DA:16,0
BRDA:16,1,0,-
BRDA:16,1,1,-
FN:24,LibAsset.initialCR
FNDA:0,LibAsset.initialCR
DA:25,0
DA:26,0
DA:27,0
FN:36,LibAsset.primaryLiquidationCR
FNDA:0,LibAsset.primaryLiquidationCR
DA:37,0
DA:38,0
FN:48,LibAsset.secondaryLiquidationCR
FNDA:0,LibAsset.secondaryLiquidationCR
DA:49,0
DA:50,0
FN:60,LibAsset.forcedBidPriceBuffer
FNDA:0,LibAsset.forcedBidPriceBuffer
DA:61,0
DA:62,0
FN:71,LibAsset.minimumCR
FNDA:0,LibAsset.minimumCR
DA:72,0
DA:73,0
DA:74,0
FN:82,LibAsset.tappFeePct
FNDA:0,LibAsset.tappFeePct
DA:83,0
DA:84,0
FN:93,LibAsset.callerFeePct
FNDA:0,LibAsset.callerFeePct
DA:94,0
DA:95,0
FN:104,LibAsset.minBidEth
FNDA:0,LibAsset.minBidEth
DA:105,0
DA:106,0
DA:107,0
FN:115,LibAsset.minAskEth
FNDA:0,LibAsset.minAskEth
DA:116,0
DA:117,0
DA:118,0
FN:125,LibAsset.minShortErc
FNDA:0,LibAsset.minShortErc
DA:126,0
DA:127,0
FN:134,LibAsset.firstLiquidationTime
FNDA:0,LibAsset.firstLiquidationTime
DA:135,0
DA:136,0
FN:143,LibAsset.secondLiquidationTime
FNDA:0,LibAsset.secondLiquidationTime
DA:144,0
DA:145,0
FN:152,LibAsset.resetLiquidationTime
FNDA:0,LibAsset.resetLiquidationTime
DA:153,0
DA:154,0
FNF:14
FNH:0
LF:35
LH:0
BRF:4
BRH:0
end_of_record
TN:
SF:contracts/libraries/LibBridge.sol
FN:18,LibBridge.withdrawalFee
FNDA:0,LibBridge.withdrawalFee
DA:19,0
DA:20,0
FNF:1
FNH:0
LF:2
LH:0
BRF:0
BRH:0
end_of_record
TN:
SF:contracts/libraries/LibDiamond.sol
FN:42,LibDiamond.diamondStorage
FNDA:0,LibDiamond.diamondStorage
DA:43,0
DA:45,0
FN:51,LibDiamond.setContractOwner
FNDA:0,LibDiamond.setContractOwner
DA:52,0
DA:53,0
DA:54,0
DA:55,0
FN:58,LibDiamond.contractOwner
FNDA:0,LibDiamond.contractOwner
DA:59,0
FN:62,LibDiamond.enforceIsContractOwner
FNDA:0,LibDiamond.enforceIsContractOwner
DA:63,0
BRDA:63,0,0,-
BRDA:63,0,1,-
FN:80,LibDiamond.diamondCut
FNDA:0,LibDiamond.diamondCut
DA:85,0
DA:86,0
DA:87,0
DA:88,0
DA:90,0
BRDA:90,1,0,-
BRDA:90,1,1,-
DA:92,0
DA:95,0
DA:96,0
DA:104,0
BRDA:104,2,0,-
BRDA:104,2,1,-
DA:105,0
DA:108,0
BRDA:108,3,0,-
BRDA:108,3,1,-
DA:109,0
DA:111,0
DA:112,0
FN:115,LibDiamond.addReplaceRemoveFacetSelectors
FNDA:0,LibDiamond.addReplaceRemoveFacetSelectors
DA:122,0
DA:123,0
BRDA:123,4,0,-
BRDA:123,4,1,-
DA:124,0
BRDA:124,5,0,-
BRDA:124,5,1,-
DA:125,0
DA:128,0
DA:129,0
DA:130,0
DA:131,0
BRDA:131,6,0,-
BRDA:131,6,1,-
DA:136,0
DA:139,0
DA:141,0
DA:145,0
BRDA:145,7,0,-
BRDA:145,7,1,-
DA:147,0
DA:148,0
DA:150,0
DA:153,0
DA:156,0
BRDA:156,8,0,-
BRDA:156,8,1,-
DA:157,0
DA:160,0
DA:161,0
DA:162,0
DA:163,0
DA:165,0
BRDA:165,9,0,-
BRDA:165,9,1,-
DA:169,0
BRDA:169,10,0,-
BRDA:169,10,1,-
DA:173,0
BRDA:173,11,0,-
BRDA:173,11,1,-
DA:178,0
DA:182,0
DA:185,0
BRDA:185,12,0,-
BRDA:185,12,1,-
DA:186,0
BRDA:186,13,0,-
BRDA:186,13,1,-
DA:191,0
DA:193,0
DA:194,0
DA:195,0
BRDA:195,14,0,-
BRDA:195,14,1,-
DA:197,0
DA:198,0
DA:199,0
DA:201,0
DA:203,0
DA:204,0
DA:205,0
DA:208,0
DA:209,0
DA:210,0
BRDA:210,15,0,-
BRDA:210,15,1,-
DA:215,0
BRDA:215,16,0,-
BRDA:215,16,1,-
DA:222,0
DA:223,0
BRDA:223,17,0,-
BRDA:223,17,1,-
DA:225,0
DA:228,0
DA:229,0
DA:231,0
DA:234,0
DA:236,0
BRDA:236,18,0,-
BRDA:236,18,1,-
DA:237,0
DA:239,0
DA:244,0
DA:247,0
DA:252,0
BRDA:252,19,0,-
BRDA:252,19,1,-
DA:253,0
DA:254,0
DA:258,0
DA:261,0
DA:263,0
DA:265,0
FN:268,LibDiamond.initializeDiamondCut
FNDA:0,LibDiamond.initializeDiamondCut
DA:269,0
BRDA:269,20,0,-
BRDA:269,20,1,-
DA:270,0
BRDA:270,21,0,-
BRDA:270,21,1,-
DA:275,0
BRDA:275,22,0,-
BRDA:275,22,1,-
DA:279,0
BRDA:279,23,0,-
BRDA:279,23,1,-
DA:280,0
DA:282,0
DA:283,0
BRDA:283,24,0,-
BRDA:283,24,1,-
DA:284,0
BRDA:284,25,0,-
BRDA:284,25,1,-
DA:286,0
DA:288,0
FN:294,LibDiamond.enforceHasContractCode
FNDA:0,LibDiamond.enforceHasContractCode
DA:298,0
DA:300,0
DA:302,0
BRDA:302,26,0,-
BRDA:302,26,1,-
FNF:8
FNH:0
LF:98
LH:0
BRF:54
BRH:0
end_of_record
TN:
SF:contracts/libraries/LibDiamondEtherscan.sol
FN:16,LibDiamondEtherscan._setDummyImplementation
FNDA:0,LibDiamondEtherscan._setDummyImplementation
DA:17,0
DA:19,0
FN:22,LibDiamondEtherscan._dummyImplementation
FNDA:0,LibDiamondEtherscan._dummyImplementation
DA:23,0
FNF:2
FNH:0
LF:3
LH:0
BRF:0
BRH:0
end_of_record
TN:
SF:contracts/libraries/LibOracle.sol
FN:20,LibOracle.getOraclePrice
FNDA:0,LibOracle.getOraclePrice
DA:21,0
DA:22,0
DA:23,0
DA:25,0
DA:26,0
BRDA:26,0,0,-
BRDA:26,0,1,-
DA:28,0
FN:80,LibOracle.baseOracleCircuitBreaker
FNDA:0,LibOracle.baseOracleCircuitBreaker
DA:87,0
DA:88,0
DA:89,0
DA:90,0
DA:93,0
DA:94,0
DA:97,0
BRDA:97,1,0,-
BRDA:97,1,1,-
DA:98,0
DA:99,0
BRDA:99,2,0,-
BRDA:99,2,1,-
DA:101,0
DA:131,0
FN:135,LibOracle.oracleCircuitBreaker
FNDA:0,LibOracle.oracleCircuitBreaker
DA:143,0
DA:144,0
DA:145,0
DA:146,0
DA:148,0
BRDA:148,3,0,-
BRDA:148,3,1,-
FN:151,LibOracle.twapCircuitBreaker
FNDA:0,LibOracle.twapCircuitBreaker
DA:153,0
DA:156,0
BRDA:156,4,0,-
BRDA:156,4,1,-
DA:159,0
DA:160,0
DA:161,0
BRDA:161,5,0,-
BRDA:161,5,1,-
DA:163,0
DA:164,0
FN:171,LibOracle.setPriceAndTime
FNDA:0,LibOracle.setPriceAndTime
DA:174,0
DA:175,0
DA:176,0
FN:180,LibOracle.getTime
FNDA:0,LibOracle.getTime
DA:181,0
DA:182,0
FN:186,LibOracle.getPrice
FNDA:0,LibOracle.getPrice
DA:187,0
DA:188,0
FN:192,LibOracle.getSavedOrSpotOraclePrice
FNDA:0,LibOracle.getSavedOrSpotOraclePrice
DA:193,0
BRDA:193,6,0,-
BRDA:193,6,1,-
DA:194,0
DA:196,0
FNF:8
FNH:0
LF:39
LH:0
BRF:14
BRH:0
end_of_record
TN:
SF:contracts/libraries/LibOrders.sol
FN:30,LibOrders.getOffsetTime
FNDA:0,LibOrders.getOffsetTime
DA:32,0
FN:35,LibOrders.convertCR
FNDA:0,LibOrders.convertCR
DA:36,0
FN:40,LibOrders.increaseSharesOnMatch
FNDA:0,LibOrders.increaseSharesOnMatch
DA:46,0
DA:49,0
DA:50,0
BRDA:50,0,0,-
BRDA:50,0,1,-
DA:52,0
DA:53,0
DA:55,0
DA:56,0
FN:60,LibOrders.currentOrders
FNDA:0,LibOrders.currentOrders
DA:64,0
DA:65,0
DA:67,0
DA:68,0
DA:69,0
DA:72,0
DA:73,0
DA:75,0
DA:76,0
DA:77,0
DA:79,0
FN:83,LibOrders.isShort
FNDA:0,LibOrders.isShort
DA:84,0
FN:87,LibOrders.addBid
FNDA:0,LibOrders.addBid
DA:92,0
DA:93,0
DA:95,0
BRDA:95,1,0,-
BRDA:95,1,1,-
DA:96,0
DA:98,0
DA:99,0
BRDA:99,2,0,-
BRDA:99,2,1,-
DA:100,0
DA:102,0
DA:105,0
DA:107,0
DA:108,0
DA:109,0
FN:112,LibOrders.addAsk
FNDA:0,LibOrders.addAsk
DA:117,0
DA:118,0
DA:120,0
BRDA:120,3,0,-
BRDA:120,3,1,-
DA:121,0
DA:123,0
DA:124,0
BRDA:124,4,0,-
BRDA:124,4,1,-
DA:125,0
DA:127,0
DA:129,0
DA:131,0
FN:142,LibOrders.addShort
FNDA:0,LibOrders.addShort
DA:147,0
DA:148,0
DA:149,0
DA:150,0
BRDA:150,5,0,-
BRDA:150,5,1,-
DA:151,0
DA:153,0
DA:157,0
DA:158,0
DA:159,0
DA:160,0
DA:163,0
FN:174,LibOrders.addSellOrder
FNDA:0,LibOrders.addSellOrder
DA:179,0
DA:180,0
BRDA:180,6,0,-
BRDA:180,6,1,-
DA:181,0
DA:182,0
BRDA:182,7,0,-
BRDA:182,7,1,-
DA:183,0
FN:198,LibOrders.addOrder
FNDA:0,LibOrders.addOrder
DA:204,0
DA:207,0
DA:208,0
DA:209,0
DA:210,0
DA:211,0
DA:212,0
DA:216,0
BRDA:216,8,0,-
BRDA:216,8,1,-
DA:217,0
DA:220,0
DA:221,0
BRDA:221,9,0,-
BRDA:221,9,1,-
DA:222,0
DA:226,0
DA:229,0
DA:235,0
DA:237,0
DA:238,0
BRDA:238,10,0,-
BRDA:238,10,1,-
DA:239,0
DA:242,0
DA:243,0
FN:263,LibOrders.verifyBidId
FNDA:0,LibOrders.verifyBidId
DA:268,0
DA:270,0
DA:271,0
DA:272,0
DA:273,0
DA:275,0
BRDA:275,11,0,-
BRDA:275,11,1,-
DA:276,0
DA:277,0
BRDA:277,12,0,-
BRDA:277,12,1,-
DA:278,0
DA:279,0
BRDA:279,13,0,-
BRDA:279,13,1,-
DA:280,0
FN:294,LibOrders.verifySellId
FNDA:0,LibOrders.verifySellId
DA:302,0
DA:303,0
DA:305,0
DA:306,0
DA:308,0
BRDA:308,14,0,-
BRDA:308,14,1,-
DA:309,0
DA:310,0
BRDA:310,15,0,-
BRDA:310,15,1,-
DA:311,0
DA:312,0
BRDA:312,16,0,-
BRDA:312,16,1,-
DA:313,0
FN:326,LibOrders.cancelOrder
FNDA:0,LibOrders.cancelOrder
DA:332,0
DA:338,0
DA:339,0
DA:342,0
DA:343,0
FN:355,LibOrders.matchOrder
FNDA:0,LibOrders.matchOrder
DA:360,0
DA:361,0
FN:365,LibOrders._reuseOrderIds
FNDA:0,LibOrders._reuseOrderIds
DA:378,0
DA:379,0
DA:384,0
BRDA:384,17,0,-
BRDA:384,17,1,-
DA:385,0
DA:392,0
FN:408,LibOrders.findPrevOfIncomingId
FNDA:0,LibOrders.findPrevOfIncomingId
DA:414,0
DA:417,0
BRDA:417,18,0,-
BRDA:417,18,1,-
DA:418,0
DA:429,0
DA:436,0
BRDA:436,19,0,-
BRDA:436,19,1,-
DA:437,0
DA:438,0
BRDA:438,20,0,-
BRDA:438,20,1,-
DA:439,0
DA:448,0
DA:449,0
FN:471,LibOrders.verifyId
FNDA:0,LibOrders.verifyId
DA:479,0
DA:481,0
BRDA:481,21,0,-
BRDA:481,21,1,-
DA:482,0
DA:483,0
BRDA:483,22,0,-
BRDA:483,22,1,-
DA:484,0
FN:489,LibOrders.normalizeOrderType
FNDA:0,LibOrders.normalizeOrderType
DA:490,0
BRDA:490,23,0,-
BRDA:490,23,1,-
DA:491,0
DA:492,0
BRDA:492,24,0,-
BRDA:492,24,1,-
DA:493,0
DA:494,0
BRDA:494,25,0,-
BRDA:494,25,1,-
DA:495,0
FN:510,LibOrders.getOrderId
FNDA:0,LibOrders.getOrderId
DA:519,0
DA:522,0
BRDA:521,26,0,-
BRDA:521,26,1,-
DA:525,0
DA:528,0
BRDA:528,27,0,-
BRDA:528,27,1,-
DA:529,0
DA:530,0
DA:532,0
FN:547,LibOrders.updateBidOrdersOnMatch
FNDA:0,LibOrders.updateBidOrdersOnMatch
DA:555,0
BRDA:555,28,0,-
BRDA:555,28,1,-
DA:556,0
DA:560,0
DA:561,0
FN:572,LibOrders.updateSellOrdersOnMatch
FNDA:0,LibOrders.updateSellOrdersOnMatch
DA:575,0
DA:576,0
BRDA:576,29,0,-
BRDA:576,29,1,-
DA:577,0
DA:580,0
BRDA:580,30,0,-
BRDA:580,30,1,-
DA:581,0
BRDA:581,31,0,-
BRDA:581,31,1,-
DA:584,0
DA:585,0
BRDA:585,32,0,-
BRDA:585,32,1,-
DA:587,0
DA:590,0
BRDA:590,33,0,-
BRDA:590,33,1,-
DA:592,0
DA:593,0
BRDA:593,34,0,-
BRDA:593,34,1,-
DA:594,0
DA:598,0
FN:611,LibOrders._updateOrders
FNDA:0,LibOrders._updateOrders
DA:619,0
DA:620,0
BRDA:620,35,0,-
BRDA:620,35,1,-
DA:621,0
DA:623,0
FN:636,LibOrders.sellMatchAlgo
FNDA:0,LibOrders.sellMatchAlgo
DA:642,0
DA:643,0
DA:644,0
BRDA:644,36,0,-
BRDA:644,36,1,-
DA:645,0
BRDA:645,37,0,-
BRDA:645,37,1,-
DA:646,0
DA:648,0
DA:651,0
DA:653,0
DA:654,0
BRDA:654,38,0,-
BRDA:654,38,1,-
DA:656,0
BRDA:656,39,0,-
BRDA:656,39,1,-
DA:657,0
DA:658,0
DA:659,0
DA:660,0
DA:662,0
DA:663,0
BRDA:663,40,0,-
BRDA:663,40,1,-
DA:664,0
DA:665,0
DA:666,0
DA:669,0
DA:670,0
BRDA:670,41,0,-
BRDA:670,41,1,-
DA:671,0
DA:673,0
BRDA:673,42,0,-
BRDA:673,42,1,-
DA:674,0
DA:676,0
DA:677,0
DA:680,0
BRDA:680,43,0,-
BRDA:680,43,1,-
DA:681,0
DA:682,0
DA:684,0
DA:685,0
DA:686,0
DA:689,0
DA:690,0
BRDA:688,44,0,-
BRDA:688,44,1,-
DA:692,0
DA:695,0
DA:696,0
DA:697,0
DA:700,0
DA:701,0
DA:703,0
BRDA:703,45,0,-
BRDA:703,45,1,-
DA:704,0
DA:706,0
FN:711,LibOrders.matchIncomingSell
FNDA:0,LibOrders.matchIncomingSell
DA:716,0
DA:718,0
DA:727,0
BRDA:727,46,0,-
BRDA:727,46,1,-
DA:728,0
DA:729,0
BRDA:729,47,0,-
BRDA:729,47,1,-
DA:730,0
DA:734,0
FN:745,LibOrders.matchIncomingAsk
FNDA:0,LibOrders.matchIncomingAsk
DA:750,0
DA:751,0
DA:752,0
DA:753,0
DA:754,0
DA:755,0
FN:766,LibOrders.matchIncomingShort
FNDA:0,LibOrders.matchIncomingShort
DA:771,0
DA:772,0
DA:773,0
DA:774,0
DA:776,0
DA:777,0
DA:779,0
DA:781,0
DA:792,0
DA:793,0
DA:794,0
DA:795,0
FN:808,LibOrders.matchHighestBid
FNDA:0,LibOrders.matchHighestBid
DA:814,0
DA:815,0
DA:818,0
DA:820,0
DA:822,0
BRDA:822,48,0,-
BRDA:822,48,1,-
DA:823,0
DA:827,0
DA:828,0
DA:829,0
DA:832,0
FN:835,LibOrders._updateOracleAndStartingShort
FNDA:0,LibOrders._updateOracleAndStartingShort
DA:838,0
DA:839,0
DA:840,0
DA:841,0
DA:842,0
BRDA:842,49,0,-
BRDA:842,49,1,-
DA:843,0
DA:846,0
DA:847,0
DA:848,0
BRDA:848,50,0,-
BRDA:848,50,1,-
DA:849,0
DA:851,0
DA:852,0
DA:853,0
DA:855,0
DA:858,0
DA:860,0
DA:862,0
DA:863,0
BRDA:861,51,0,-
BRDA:861,51,1,-
DA:865,0
DA:869,0
DA:870,0
DA:871,0
DA:873,0
DA:874,0
DA:875,0
DA:876,0
DA:877,0
DA:878,0
DA:880,0
BRDA:880,52,0,-
BRDA:880,52,1,-
DA:881,0
DA:882,0
DA:883,0
BRDA:883,53,0,-
BRDA:883,53,1,-
DA:885,0
DA:886,0
DA:887,0
BRDA:887,54,0,-
BRDA:887,54,1,-
DA:888,0
DA:889,0
DA:893,0
FN:898,LibOrders.updateOracleAndStartingShortViaThreshold
FNDA:0,LibOrders.updateOracleAndStartingShortViaThreshold
DA:904,0
DA:906,0
BRDA:906,55,0,-
BRDA:906,55,1,-
DA:907,0
DA:910,0
DA:914,0
BRDA:914,56,0,-
BRDA:914,56,1,-
DA:915,0
FN:920,LibOrders.updateOracleAndStartingShortViaTimeBidOnly
FNDA:0,LibOrders.updateOracleAndStartingShortViaTimeBidOnly
DA:924,0
DA:925,0
BRDA:925,57,0,-
BRDA:925,57,1,-
DA:926,0
FN:930,LibOrders.updateStartingShortIdViaShort
FNDA:0,LibOrders.updateStartingShortIdViaShort
DA:934,0
DA:935,0
DA:936,0
DA:937,0
DA:938,0
DA:940,0
BRDA:940,58,0,-
BRDA:940,58,1,-
DA:941,0
BRDA:941,59,0,-
BRDA:941,59,1,-
DA:942,0
DA:945,0
BRDA:944,60,0,-
BRDA:944,60,1,-
DA:947,0
FN:951,LibOrders.findOrderHintId
FNDA:0,LibOrders.findOrderHintId
DA:956,0
DA:957,0
DA:958,0
DA:959,0
DA:960,0
DA:961,0
BRDA:961,61,0,-
BRDA:961,61,1,-
DA:962,0
DA:963,0
BRDA:963,62,0,-
BRDA:963,62,1,-
DA:964,0
DA:965,0
BRDA:965,63,0,-
BRDA:965,63,1,-
DA:966,0
DA:970,0
BRDA:970,64,0,-
BRDA:970,64,1,-
DA:972,0
DA:975,0
FN:979,LibOrders.cancelBid
FNDA:0,LibOrders.cancelBid
DA:980,0
DA:981,0
DA:983,0
DA:984,0
BRDA:984,65,0,-
BRDA:984,65,1,-
DA:985,0
DA:988,0
DA:989,0
DA:990,0
DA:992,0
FN:995,LibOrders.cancelAsk
FNDA:0,LibOrders.cancelAsk
DA:996,0
DA:997,0
DA:999,0
DA:1000,0
BRDA:1000,66,0,-
BRDA:1000,66,1,-
DA:1001,0
DA:1004,0
DA:1006,0
FN:1009,LibOrders.cancelShort
FNDA:0,LibOrders.cancelShort
DA:1010,0
DA:1011,0
DA:1013,0
DA:1014,0
BRDA:1014,67,0,-
BRDA:1014,67,1,-
DA:1015,0
DA:1018,0
DA:1022,0
DA:1023,0
DA:1025,0
DA:1026,0
DA:1027,0
DA:1030,0
BRDA:1030,68,0,-
BRDA:1030,68,1,-
DA:1033,0
DA:1035,0
DA:1036,0
BRDA:1036,69,0,-
BRDA:1036,69,1,-
DA:1039,0
DA:1041,0
DA:1043,0
DA:1047,0
DA:1058,0
DA:1059,0
DA:1060,0
DA:1063,0
DA:1066,0
DA:1068,0
DA:1072,0
DA:1075,0
BRDA:1075,70,0,-
BRDA:1075,70,1,-
DA:1076,0
DA:1077,0
DA:1078,0
BRDA:1078,71,0,-
BRDA:1078,71,1,-
DA:1079,0
DA:1081,0
DA:1085,0
FN:1089,LibOrders.handlePriceDiscount
FNDA:0,LibOrders.handlePriceDiscount
DA:1090,0
DA:1091,0
DA:1092,0
DA:1093,0
DA:1094,0
DA:1097,0
BRDA:1097,72,0,-
BRDA:1097,72,1,-
DA:1099,0
DA:1100,0
DA:1103,0
DA:1108,0
DA:1110,0
BRDA:1110,73,0,-
BRDA:1110,73,1,-
DA:1112,0
DA:1114,0
DA:1119,0
FN:1122,LibOrders.min
FNDA:0,LibOrders.min
DA:1123,0
FN:1126,LibOrders.max
FNDA:0,LibOrders.max
DA:1127,0
FNF:38
FNH:0
LF:375
LH:0
BRF:148
BRH:0
end_of_record
TN:
SF:contracts/libraries/LibShortRecord.sol
FN:23,LibShortRecord.getCollateralRatio
FNDA:0,LibShortRecord.getCollateralRatio
DA:28,0
FN:31,LibShortRecord.getCollateralRatio
FNDA:0,LibShortRecord.getCollateralRatio
DA:36,0
FN:39,LibShortRecord.getCollateralRatioSpotPrice
FNDA:0,LibShortRecord.getCollateralRatioSpotPrice
DA:44,0
FN:57,LibShortRecord.getShortRecordCount
FNDA:0,LibShortRecord.getShortRecordCount
DA:62,0
DA:65,0
DA:66,0
BRDA:66,0,0,-
BRDA:66,0,1,-
DA:67,0
DA:72,0
DA:73,0
BRDA:73,1,0,-
BRDA:73,1,1,-
DA:75,0
BRDA:75,2,0,-
BRDA:75,2,1,-
DA:76,0
DA:78,0
FN:83,LibShortRecord.createShortRecord
FNDA:0,LibShortRecord.createShortRecord
DA:93,0
DA:96,0
BRDA:96,3,0,-
BRDA:96,3,1,-
DA:98,0
DA:99,0
DA:101,0
DA:113,0
FN:116,LibShortRecord.transferShortRecord
FNDA:0,LibShortRecord.transferShortRecord
DA:117,0
DA:119,0
DA:120,0
DA:121,0
DA:122,0
BRDA:122,4,0,-
BRDA:122,4,1,-
DA:123,0
BRDA:123,5,0,-
BRDA:123,5,1,-
DA:129,0
BRDA:129,6,0,-
BRDA:129,6,1,-
DA:130,0
DA:141,0
DA:142,0
DA:143,0
DA:145,0
DA:156,0
DA:157,0
DA:158,0
FN:161,LibShortRecord.fillShortRecord
FNDA:0,LibShortRecord.fillShortRecord
DA:171,0
DA:172,0
DA:174,0
BRDA:174,7,0,-
BRDA:174,7,1,-
DA:176,0
DA:177,0
DA:178,0
DA:179,0
DA:180,0
DA:182,0
DA:183,0
DA:184,0
DA:194,0
FN:197,LibShortRecord.deleteShortRecord
FNDA:0,LibShortRecord.deleteShortRecord
DA:198,0
DA:200,0
DA:202,0
BRDA:202,8,0,-
BRDA:202,8,1,-
DA:207,0
DA:208,0
BRDA:208,9,0,-
BRDA:208,9,1,-
DA:209,0
DA:213,0
DA:214,0
DA:219,0
BRDA:219,10,0,-
BRDA:219,10,1,-
DA:220,0
DA:227,0
DA:233,0
DA:236,0
FN:239,LibShortRecord.createTappSR
FNDA:0,LibShortRecord.createTappSR
DA:240,0
DA:241,0
DA:243,0
DA:244,0
DA:245,0
DA:247,0
DA:248,0
DA:250,0
FN:264,LibShortRecord.setShortRecordIds
FNDA:0,LibShortRecord.setShortRecordIds
DA:268,0
DA:270,0
DA:271,0
DA:273,0
BRDA:273,11,0,-
BRDA:273,11,1,-
DA:274,0
DA:275,0
DA:276,0
DA:281,0
DA:282,0
DA:286,0
BRDA:286,12,0,-
BRDA:286,12,1,-
DA:289,0
DA:290,0
BRDA:290,13,0,-
BRDA:290,13,1,-
DA:291,0
DA:295,0
DA:298,0
DA:304,0
DA:306,0
BRDA:306,14,0,-
BRDA:306,14,1,-
DA:307,0
DA:309,0
DA:313,0
BRDA:313,15,0,-
BRDA:313,15,1,-
DA:314,0
DA:316,0
FN:319,LibShortRecord.updateErcDebt
FNDA:0,LibShortRecord.updateErcDebt
DA:320,0
DA:322,0
DA:325,0
DA:326,0
DA:328,0
BRDA:328,16,0,-
BRDA:328,16,1,-
DA:329,0
DA:330,0
FN:334,LibShortRecord.updateErcDebt
FNDA:0,LibShortRecord.updateErcDebt
DA:335,0
DA:338,0
DA:339,0
DA:341,0
BRDA:341,17,0,-
BRDA:341,17,1,-
DA:342,0
DA:343,0
FN:347,LibShortRecord.merge
FNDA:0,LibShortRecord.merge
DA:356,0
DA:357,0
DA:358,0
DA:360,0
DA:361,0
DA:362,0
DA:364,0
FN:367,LibShortRecord.disburseCollateral
FNDA:0,LibShortRecord.disburseCollateral
DA:374,0
DA:376,0
DA:377,0
DA:378,0
DA:380,0
DA:381,0
DA:383,0
DA:384,0
BRDA:384,18,0,-
BRDA:384,18,1,-
DA:389,0
DA:390,0
DA:391,0
BRDA:391,19,0,-
BRDA:391,19,1,-
DA:392,0
DA:394,0
FN:399,LibShortRecord.burnNFT
FNDA:0,LibShortRecord.burnNFT
DA:401,0
DA:402,0
DA:403,0
BRDA:403,20,0,-
BRDA:403,20,1,-
DA:404,0
DA:405,0
DA:407,0
DA:408,0
DA:409,0
DA:410,0
FN:413,LibShortRecord.cancelShortUnderMin
FNDA:0,LibShortRecord.cancelShortUnderMin
DA:420,0
DA:421,0
BRDA:421,21,0,-
BRDA:421,21,1,-
DA:422,0
DA:423,0
DA:425,0
BRDA:425,22,0,-
BRDA:425,22,1,-
DA:426,0
DA:429,0
DA:431,0
BRDA:431,23,0,-
BRDA:431,23,1,-
DA:433,0
DA:434,0
FN:439,LibShortRecord.checkShortMinErc
FNDA:0,LibShortRecord.checkShortMinErc
DA:446,0
DA:448,0
DA:450,0
DA:452,0
BRDA:452,24,0,-
BRDA:452,24,1,-
DA:454,0
DA:455,0
BRDA:455,25,0,-
BRDA:455,25,1,-
DA:456,0
DA:459,0
BRDA:459,26,0,-
BRDA:459,26,1,-
DA:461,0
BRDA:461,27,0,-
BRDA:461,27,1,-
DA:463,0
DA:464,0
DA:468,0
BRDA:468,28,0,-
BRDA:468,28,1,-
DA:469,0
DA:472,0
BRDA:472,29,0,-
BRDA:472,29,1,-
DA:473,0
FNF:17
FNH:0
LF:155
LH:0
BRF:60
BRH:0
end_of_record
TN:
SF:contracts/libraries/LibVault.sol
FN:22,LibVault.addDeth
FNDA:0,LibVault.addDeth
DA:23,0
DA:24,0
DA:26,0
BRDA:26,0,0,-
BRDA:26,0,1,-
DA:28,0
BRDA:28,1,0,-
BRDA:28,1,1,-
DA:29,0
DA:31,0
DA:35,0
DA:36,0
FN:39,LibVault.assessDeth
FNDA:0,LibVault.assessDeth
DA:46,0
DA:47,0
DA:49,0
DA:50,0
DA:51,0
BRDA:51,2,0,-
BRDA:51,2,1,-
DA:53,0
DA:54,0
BRDA:54,3,0,-
BRDA:54,3,1,-
DA:55,0
DA:56,0
DA:59,0
DA:60,0
DA:61,0
DA:62,0
BRDA:62,4,0,-
BRDA:62,4,1,-
DA:64,0
DA:66,0
BRDA:66,5,0,-
BRDA:66,5,1,-
DA:68,0
BRDA:68,6,0,-
BRDA:68,6,1,-
DA:69,0
DA:70,0
DA:72,0
DA:73,0
DA:78,0
DA:83,0
DA:84,0
BRDA:84,7,0,-
BRDA:84,7,1,-
DA:85,0
DA:86,0
DA:89,0
DA:90,0
DA:91,0
DA:92,0
BRDA:92,8,0,-
BRDA:92,8,1,-
DA:94,0
DA:96,0
BRDA:96,9,0,-
BRDA:96,9,1,-
DA:98,0
BRDA:98,10,0,-
BRDA:98,10,1,-
DA:99,0
DA:100,0
DA:102,0
DA:103,0
DA:108,0
FN:116,LibVault.withdrawalFeeP
FNDA:0,LibVault.withdrawalFeeP
DA:121,0
DA:122,0
DA:125,0
DA:128,0
DA:129,0
DA:131,0
DA:134,0
DA:135,0
DA:136,0
BRDA:136,11,0,-
BRDA:136,11,1,-
DA:138,0
BRDA:138,12,0,-
BRDA:138,12,1,-
DA:140,0
DA:142,0
BRDA:142,13,0,-
BRDA:142,13,1,-
DA:144,0
BRDA:144,14,0,-
BRDA:144,14,1,-
DA:146,0
DA:150,0
FN:154,LibVault.transferBridgeCredit
FNDA:0,LibVault.transferBridgeCredit
DA:160,0
DA:162,0
DA:163,0
DA:165,0
BRDA:165,15,0,-
BRDA:165,15,1,-
DA:166,0
DA:167,0
DA:168,0
DA:169,0
DA:172,0
DA:173,0
BRDA:171,16,0,-
BRDA:171,16,1,-
DA:176,0
DA:180,0
DA:181,0
BRDA:179,17,0,-
BRDA:179,17,1,-
DA:184,0
BRDA:184,18,0,-
BRDA:184,18,1,-
DA:185,0
DA:186,0
DA:188,0
DA:189,0
DA:192,0
DA:193,0
BRDA:191,19,0,-
BRDA:191,19,1,-
DA:196,0
BRDA:196,20,0,-
BRDA:196,20,1,-
DA:197,0
DA:198,0
DA:200,0
DA:201,0
DA:205,0
DA:206,0
BRDA:206,21,0,-
BRDA:206,21,1,-
DA:207,0
DA:208,0
DA:209,0
DA:210,0
DA:212,0
DA:213,0
DA:215,0
DA:216,0
FN:221,LibVault.removeDeth
FNDA:0,LibVault.removeDeth
DA:222,0
DA:223,0
DA:224,0
FN:231,LibVault.dethTithePercent
FNDA:0,LibVault.dethTithePercent
DA:232,0
DA:234,0
FN:245,LibVault.dittoShorterRate
FNDA:0,LibVault.dittoShorterRate
DA:246,0
DA:247,0
FN:256,LibVault.dittoMatchedRate
FNDA:0,LibVault.dittoMatchedRate
DA:257,0
DA:258,0
FN:262,LibVault.getDethTotal
FNDA:0,LibVault.getDethTotal
DA:263,0
DA:264,0
DA:265,0
DA:267,0
DA:268,0
DA:270,0
FN:282,LibVault.updateYield
FNDA:0,LibVault.updateYield
DA:283,0
DA:285,0
DA:286,0
DA:288,0
DA:289,0
DA:290,0
DA:291,0
DA:294,0
BRDA:294,22,0,-
BRDA:294,22,1,-
DA:295,0
DA:298,0
BRDA:298,23,0,-
BRDA:298,23,1,-
DA:299,0
DA:300,0
DA:301,0
DA:305,0
DA:306,0
DA:308,0
DA:309,0
DA:311,0
DA:312,0
BRDA:312,24,0,-
BRDA:312,24,1,-
DA:314,0
DA:315,0
DA:316,0
DA:317,0
FNF:10
FNH:0
LF:133
LH:0
BRF:50
BRH:0
end_of_record
TN:
SF:contracts/libraries/PRBMathHelper.sol
FN:8,U256.mul
FNDA:0,U256.mul
DA:9,0
FN:12,U256.div
FNDA:0,U256.div
DA:13,0
FN:16,U256.mulDiv
FNDA:0,U256.mulDiv
DA:21,0
FN:24,U256.inv
FNDA:0,U256.inv
DA:27,0
FN:31,U256.divU80
FNDA:0,U256.divU80
DA:32,0
DA:33,0
BRDA:33,0,0,-
BRDA:33,0,1,-
DA:34,0
FN:37,U256.divU64
FNDA:0,U256.divU64
DA:38,0
DA:39,0
BRDA:39,1,0,-
BRDA:39,1,1,-
DA:40,0
FN:44,U256.divU88
FNDA:0,U256.divU88
DA:45,0
DA:46,0
BRDA:46,2,0,-
BRDA:46,2,1,-
DA:47,0
FN:66,Math104.mul
FNDA:0,Math104.mul
DA:67,0
FN:70,Math104.div
FNDA:0,Math104.div
DA:71,0
FN:78,U96.mul
FNDA:0,U96.mul
DA:79,0
FN:82,U96.div
FNDA:0,U96.div
DA:83,0
FN:86,U96.divU64
FNDA:0,U96.divU64
DA:87,0
DA:88,0
BRDA:88,0,0,-
BRDA:88,0,1,-
DA:89,0
FN:158,U16.mul
FNDA:0,U16.mul
DA:159,0
FN:162,U16.mulU16
FNDA:0,U16.mulU16
DA:163,0
DA:164,0
BRDA:164,0,0,-
BRDA:164,0,1,-
DA:165,0
FN:168,U16.div
FNDA:0,U16.div
DA:169,0
FN:172,U16.divU16
FNDA:0,U16.divU16
DA:173,0
DA:174,0
BRDA:174,1,0,-
BRDA:174,1,1,-
DA:175,0
FN:178,U16.divU80
FNDA:0,U16.divU80
DA:179,0
DA:180,0
BRDA:180,2,0,-
BRDA:180,2,1,-
DA:181,0
FN:96,U88.mul
FNDA:0,U88.mul
DA:97,0
FN:100,U88.mulU88
FNDA:0,U88.mulU88
DA:101,0
DA:102,0
BRDA:102,0,0,-
BRDA:102,0,1,-
DA:103,0
FN:106,U88.div
FNDA:0,U88.div
DA:107,0
FN:110,U88.divU88
FNDA:0,U88.divU88
DA:111,0
DA:112,0
BRDA:112,1,0,-
BRDA:112,1,1,-
DA:113,0
FN:116,U88.divU80
FNDA:0,U88.divU80
DA:117,0
DA:118,0
BRDA:118,2,0,-
BRDA:118,2,1,-
DA:119,0
FN:126,U80.mul
FNDA:0,U80.mul
DA:127,0
FN:130,U80.mulU80
FNDA:0,U80.mulU80
DA:131,0
DA:132,0
BRDA:132,0,0,-
BRDA:132,0,1,-
DA:133,0
FN:136,U80.mulU88
FNDA:0,U80.mulU88
DA:137,0
DA:138,0
BRDA:138,1,0,-
BRDA:138,1,1,-
DA:139,0
FN:142,U80.div
FNDA:0,U80.div
DA:143,0
FN:147,U80.inv
FNDA:0,U80.inv
DA:150,0
FN:54,Math128.mul
FNDA:0,Math128.mul
DA:55,0
FN:58,Math128.div
FNDA:0,Math128.div
DA:59,0
FNF:29
FNH:0
LF:53
LH:0
BRF:24
BRH:0
end_of_record
TN:
SF:contracts/libraries/UniswapOracleLibrary.sol
FN:31,OracleLibrary.getQuoteAtTick
FNDA:0,OracleLibrary.getQuoteAtTick
DA:37,0
DA:40,0
BRDA:40,0,0,-
BRDA:40,0,1,-
DA:41,0
DA:42,0
DA:46,0
DA:47,0
FN:53,OracleLibrary.estimateTWAP
FNDA:0,OracleLibrary.estimateTWAP
DA:60,0
BRDA:60,1,0,-
BRDA:60,1,1,-
DA:62,0
DA:63,0
DA:64,0
DA:67,0
DA:69,0
DA:70,0
DA:73,0
BRDA:73,2,0,-
BRDA:73,2,1,-
DA:74,0
DA:78,0
FNF:2
FNH:0
LF:16
LH:0
BRF:6
BRH:0
end_of_record
TN:
SF:contracts/libraries/UniswapTickMath.sol
FN:30,TickMath.getSqrtRatioAtTick
FNDA:0,TickMath.getSqrtRatioAtTick
DA:36,0
DA:37,0
BRDA:37,0,0,-
BRDA:37,0,1,-
DA:39,0
DA:42,0
BRDA:42,1,0,-
BRDA:42,1,1,-
DA:43,0
DA:45,0
BRDA:45,2,0,-
BRDA:45,2,1,-
DA:46,0
DA:48,0
BRDA:48,3,0,-
BRDA:48,3,1,-
DA:49,0
DA:51,0
BRDA:51,4,0,-
BRDA:51,4,1,-
DA:52,0
DA:54,0
BRDA:54,5,0,-
BRDA:54,5,1,-
DA:55,0
DA:57,0
BRDA:57,6,0,-
BRDA:57,6,1,-
DA:58,0
DA:60,0
BRDA:60,7,0,-
BRDA:60,7,1,-
DA:61,0
DA:63,0
BRDA:63,8,0,-
BRDA:63,8,1,-
DA:64,0
DA:66,0
BRDA:66,9,0,-
BRDA:66,9,1,-
DA:67,0
DA:69,0
BRDA:69,10,0,-
BRDA:69,10,1,-
DA:70,0
DA:72,0
BRDA:72,11,0,-
BRDA:72,11,1,-
DA:73,0
DA:75,0
BRDA:75,12,0,-
BRDA:75,12,1,-
DA:76,0
DA:78,0
BRDA:78,13,0,-
BRDA:78,13,1,-
DA:79,0
DA:81,0
BRDA:81,14,0,-
BRDA:81,14,1,-
DA:82,0
DA:84,0
BRDA:84,15,0,-
BRDA:84,15,1,-
DA:85,0
DA:87,0
BRDA:87,16,0,-
BRDA:87,16,1,-
DA:88,0
DA:90,0
BRDA:90,17,0,-
BRDA:90,17,1,-
DA:91,0
DA:93,0
BRDA:93,18,0,-
BRDA:93,18,1,-
DA:94,0
DA:96,0
BRDA:96,19,0,-
BRDA:96,19,1,-
DA:97,0
DA:100,0
BRDA:100,20,0,-
BRDA:100,20,1,-
DA:105,0
FN:114,TickMath.getTickAtSqrtRatio
FNDA:0,TickMath.getTickAtSqrtRatio
DA:121,0
BRDA:121,21,0,-
BRDA:121,21,1,-
DA:122,0
DA:124,0
DA:126,0
DA:127,0
DA:131,0
DA:132,0
DA:136,0
DA:137,0
DA:141,0
DA:142,0
DA:146,0
DA:147,0
DA:151,0
DA:152,0
DA:156,0
DA:157,0
DA:161,0
DA:162,0
DA:166,0
DA:169,0
BRDA:169,22,0,-
BRDA:169,22,1,-
DA:170,0
DA:172,0
DA:175,0
DA:177,0
DA:178,0
DA:181,0
DA:183,0
DA:184,0
DA:187,0
DA:189,0
DA:190,0
DA:193,0
DA:195,0
DA:196,0
DA:199,0
DA:201,0
DA:202,0
DA:205,0
DA:207,0
DA:208,0
DA:211,0
DA:213,0
DA:214,0
DA:217,0
DA:219,0
DA:220,0
DA:223,0
DA:225,0
DA:226,0
DA:229,0
DA:231,0
DA:232,0
DA:235,0
DA:237,0
DA:238,0
DA:241,0
DA:243,0
DA:244,0
DA:247,0
DA:249,0
DA:250,0
DA:253,0
DA:255,0
DA:258,0
DA:260,0
DA:261,0
DA:262,0
DA:263,0
DA:265,0
FNF:2
FNH:0
LF:113
LH:0
BRF:46
BRH:0
end_of_record
TN:
SF:contracts/libraries/console.sol
FN:40,console.logBytes
FNDA:0,console.logBytes
DA:41,0
FN:44,console.logBytes4
FNDA:0,console.logBytes4
DA:45,0
FN:48,console.log
FNDA:0,console.log
DA:49,0
FN:52,console.log
FNDA:0,console.log
DA:53,0
FN:56,console.log
FNDA:0,console.log
DA:57,0
FN:60,console.log
FNDA:0,console.log
DA:61,0
FN:64,console.log
FNDA:0,console.log
DA:65,0
FN:68,console.log
FNDA:0,console.log
DA:69,0
FN:72,console.log
FNDA:0,console.log
DA:73,0
FN:76,console.log
FNDA:0,console.log
DA:77,0
FN:80,console.log
FNDA:0,console.log
DA:81,0
FN:84,console.log
FNDA:0,console.log
DA:85,0
FN:88,console.log
FNDA:0,console.log
DA:89,0
FN:92,console.log
FNDA:0,console.log
DA:96,0
FN:101,console.log
FNDA:0,console.log
DA:102,0
FN:105,console.log
FNDA:0,console.log
DA:106,0
FN:110,console.orderTypetoString
FNDA:0,console.orderTypetoString
DA:111,0
DA:112,0
DA:113,0
DA:114,0
DA:115,0
DA:116,0
DA:117,0
DA:118,0
DA:119,0
DA:120,0
FN:123,console.orderTypetoString2
FNDA:0,console.orderTypetoString2
DA:124,0
DA:125,0
DA:126,0
DA:127,0
DA:128,0
DA:129,0
DA:130,0
DA:131,0
DA:132,0
DA:133,0
FN:136,console.padId
FNDA:0,console.padId
DA:137,0
BRDA:137,0,0,-
BRDA:137,0,1,-
DA:138,0
DA:141,0
FN:144,console.shortRecordStatustoString
FNDA:0,console.shortRecordStatustoString
DA:149,0
DA:150,0
DA:151,0
DA:152,0
DA:153,0
FN:156,console.addrToString
FNDA:0,console.addrToString
DA:158,0
DA:159,0
DA:160,0
DA:161,0
DA:162,0
DA:164,0
DA:166,0
BRDA:166,1,0,-
BRDA:166,1,1,-
DA:167,0
DA:169,0
FN:172,console.newLine
FNDA:0,console.newLine
DA:173,0
FN:176,console.logId
FNDA:0,console.logId
DA:177,0
DA:178,0
FN:189,console.log
FNDA:0,console.log
DA:190,0
DA:191,0
DA:196,0
DA:197,0
DA:199,0
FN:202,console.log
FNDA:0,console.log
DA:203,0
DA:204,0
FN:208,console.log
FNDA:0,console.log
DA:209,0
BRDA:209,2,0,-
BRDA:209,2,1,-
DA:210,0
DA:220,0
DA:235,0
DA:244,0
DA:247,0
DA:252,0
DA:259,0
FN:262,console.log
FNDA:0,console.log
DA:263,0
DA:264,0
FN:268,console.log
FNDA:0,console.log
DA:269,0
DA:270,0
DA:271,0
DA:276,0
DA:279,0
DA:284,0
DA:287,0
DA:293,0
FN:298,console.log
FNDA:0,console.log
DA:299,0
DA:300,0
FN:304,console.log
FNDA:0,console.log
DA:305,0
DA:306,0
DA:309,0
DA:314,0
FN:321,console.log
FNDA:0,console.log
DA:322,0
DA:323,0
DA:326,0
DA:329,0
DA:332,0
DA:337,0
DA:340,0
DA:345,0
DA:348,0
DA:351,0
FN:357,console.logBids
FNDA:0,console.logBids
DA:358,0
DA:359,0
DA:360,0
DA:362,0
DA:363,0
DA:364,0
DA:365,0
DA:366,0
DA:368,0
FN:371,console.logAsks
FNDA:0,console.logAsks
DA:372,0
DA:373,0
DA:374,0
DA:375,0
DA:376,0
DA:377,0
DA:378,0
DA:379,0
DA:381,0
FN:384,console.logShorts
FNDA:0,console.logShorts
DA:385,0
DA:386,0
DA:387,0
DA:388,0
DA:389,0
DA:390,0
DA:391,0
DA:392,0
DA:394,0
FN:397,console.logInactiveBids
FNDA:0,console.logInactiveBids
DA:398,0
DA:399,0
DA:400,0
DA:401,0
DA:402,0
DA:403,0
DA:404,0
DA:405,0
DA:407,0
FN:410,console.logInactiveAsks
FNDA:0,console.logInactiveAsks
DA:411,0
DA:412,0
DA:413,0
DA:414,0
DA:415,0
DA:416,0
DA:417,0
DA:418,0
DA:420,0
FN:423,console.logInactiveShorts
FNDA:0,console.logInactiveShorts
DA:424,0
DA:425,0
DA:426,0
DA:427,0
DA:428,0
DA:429,0
DA:430,0
DA:431,0
DA:433,0
FN:436,console.logAllShorts
FNDA:0,console.logAllShorts
DA:437,0
DA:438,0
DA:439,0
DA:440,0
DA:441,0
DA:442,0
DA:443,0
DA:444,0
DA:445,0
DA:447,0
DA:448,0
DA:449,0
DA:450,0
DA:453,0
DA:454,0
DA:455,0
DA:457,0
DA:458,0
DA:459,0
DA:460,0
DA:462,0
DA:463,0
DA:464,0
DA:465,0
DA:468,0
DA:469,0
DA:470,0
DA:472,0
FNF:38
FNH:0
LF:179
LH:0
BRF:6
BRH:0
end_of_record
TN:
SF:contracts/mocks/MockAggregatorV3.sol
FN:27,MockAggregatorV3.decimals
FNDA:0,MockAggregatorV3.decimals
DA:28,0
FN:31,MockAggregatorV3.description
FNDA:0,MockAggregatorV3.description
DA:32,0
FN:35,MockAggregatorV3.version
FNDA:0,MockAggregatorV3.version
DA:36,0
FN:50,MockAggregatorV3.getRoundData
FNDA:0,MockAggregatorV3.getRoundData
DA:61,0
FN:70,MockAggregatorV3.setRoundData
FNDA:0,MockAggregatorV3.setRoundData
DA:79,0
BRDA:79,0,0,-
BRDA:79,0,1,-
DA:80,0
DA:81,0
DA:82,0
DA:83,0
DA:84,0
DA:87,0
FN:96,MockAggregatorV3.latestRoundData
FNDA:0,MockAggregatorV3.latestRoundData
DA:107,0
BRDA:107,1,0,-
BRDA:107,1,1,-
DA:108,0
DA:110,0
FN:119,MockAggregatorV3.deleteRoundData
FNDA:0,MockAggregatorV3.deleteRoundData
DA:120,0
DA:121,0
DA:122,0
DA:123,0
DA:124,0
FN:127,MockAggregatorV3.setFail
FNDA:0,MockAggregatorV3.setFail
DA:128,0
FNF:8
FNH:0
LF:20
LH:0
BRF:4
BRH:0
end_of_record
TN:
SF:contracts/mocks/RocketDepositPool.sol
FN:6,RocketDepositPool.deposit
FNDA:0,RocketDepositPool.deposit
FNF:1
FNH:0
LF:0
LH:0
BRF:0
BRH:0
end_of_record
TN:
SF:contracts/mocks/RocketStorage.sol
FN:8,RocketStorage.getAddress
FNDA:0,RocketStorage.getAddress
DA:9,0
FN:13,RocketStorage.setReth
FNDA:0,RocketStorage.setReth
DA:14,0
FN:18,RocketStorage.setDeposit
FNDA:0,RocketStorage.setDeposit
DA:19,0
FNF:3
FNH:0
LF:3
LH:0
BRF:0
BRH:0
end_of_record
TN:
SF:contracts/mocks/RocketTokenRETH.sol
FN:17,RocketTokenRETH.deposit
FNDA:0,RocketTokenRETH.deposit
DA:18,0
DA:20,0
BRDA:20,0,0,-
BRDA:20,0,1,-
DA:21,0
FN:25,RocketTokenRETH.submitBalances
FNDA:0,RocketTokenRETH.submitBalances
DA:26,0
DA:27,0
FN:31,RocketTokenRETH.getExchangeRate
FNDA:0,RocketTokenRETH.getExchangeRate
DA:32,0
FN:35,RocketTokenRETH.burn
FNDA:0,RocketTokenRETH.burn
DA:36,0
BRDA:36,1,0,-
BRDA:36,1,1,-
DA:37,0
BRDA:37,2,0,-
BRDA:37,2,1,-
DA:38,0
DA:39,0
DA:40,0
BRDA:40,3,0,-
BRDA:40,3,1,-
DA:41,0
DA:42,0
FN:46,RocketTokenRETH.getEthValue
FNDA:0,RocketTokenRETH.getEthValue
DA:47,0
FN:50,RocketTokenRETH.getRethValue
FNDA:0,RocketTokenRETH.getRethValue
DA:51,0
FNF:6
FNH:0
LF:15
LH:0
BRF:8
BRH:0
end_of_record
TN:
SF:contracts/mocks/STETH.sol
FN:15,STETH.mint
FNDA:0,STETH.mint
DA:16,0
FN:19,STETH.burn
FNDA:0,STETH.burn
DA:20,0
FN:24,STETH.transferWithdrawalEth
FNDA:0,STETH.transferWithdrawalEth
DA:25,0
DA:26,0
BRDA:26,0,0,-
BRDA:26,0,1,-
FN:29,STETH.submit
FNDA:0,STETH.submit
DA:30,0
BRDA:30,1,0,-
BRDA:30,1,1,-
DA:31,0
DA:33,0
FN:37,STETH.getPooledEthByShares
FNDA:0,STETH.getPooledEthByShares
FNF:5
FNH:0
LF:7
LH:0
BRF:4
BRH:0
end_of_record
TN:
SF:contracts/mocks/UNSTETH.sol
FN:32,UNSTETH.claimWithdrawals
FNDA:0,UNSTETH.claimWithdrawals
DA:36,0
DA:37,0
DA:39,0
DA:40,0
BRDA:38,0,0,-
BRDA:38,0,1,-
DA:42,0
DA:43,0
DA:44,0
DA:45,0
DA:46,0
BRDA:46,1,0,-
BRDA:46,1,1,-
FN:52,UNSTETH.requestWithdrawals
FNDA:0,UNSTETH.requestWithdrawals
DA:56,0
BRDA:56,2,0,-
BRDA:56,2,1,-
DA:57,0
DA:58,0
DA:59,0
DA:60,0
DA:61,0
DA:62,0
DA:63,0
DA:64,0
FN:69,UNSTETH.processWithdrawals
FNDA:0,UNSTETH.processWithdrawals
DA:70,0
DA:71,0
DA:72,0
DA:73,0
DA:74,0
DA:75,0
DA:77,0
DA:78,0
DA:79,0
FNF:3
FNH:0
LF:27
LH:0
BRF:6
BRH:0
end_of_record
TN:
SF:contracts/tokens/Asset.sol
FN:28,Asset.mint
FNDA:0,Asset.mint
DA:29,0
FN:32,Asset.burnFrom
FNDA:0,Asset.burnFrom
DA:33,0
FNF:2
FNH:0
LF:2
LH:0
BRF:0
BRH:0
end_of_record
TN:
SF:contracts/tokens/Ditto.sol
FN:30,Ditto.mint
FNDA:0,Ditto.mint
DA:31,0
FN:34,Ditto.burnFrom
FNDA:0,Ditto.burnFrom
DA:35,0
FN:38,Ditto._afterTokenTransfer
FNDA:0,Ditto._afterTokenTransfer
DA:42,0
FN:45,Ditto._mint
FNDA:0,Ditto._mint
DA:46,0
FN:49,Ditto._burn
FNDA:0,Ditto._burn
DA:53,0
FNF:5
FNH:0
LF:5
LH:0
BRF:0
BRH:0
end_of_record
TN:
SF:deploy/DeployDiamond.s.sol
FN:21,DeployDiamond.run
FNDA:0,DeployDiamond.run
DA:22,0
DA:23,0
DA:24,0
DA:25,0
DA:26,0
DA:27,0
DA:29,0
DA:31,0
DA:32,0
BRDA:30,0,0,-
BRDA:30,0,1,-
DA:34,0
DA:39,0
DA:40,0
DA:41,0
DA:42,0
DA:43,0
DA:44,0
DA:45,0
DA:46,0
DA:47,0
DA:48,0
DA:49,0
DA:51,0
DA:52,0
BRDA:50,1,0,-
BRDA:50,1,1,-
DA:54,0
DA:55,0
DA:56,0
DA:57,0
DA:58,0
DA:59,0
DA:60,0
DA:61,0
DA:63,0
DA:64,0
BRDA:62,2,0,-
BRDA:62,2,1,-
DA:66,0
DA:67,0
DA:68,0
DA:69,0
DA:70,0
DA:71,0
DA:72,0
DA:73,0
DA:75,0
DA:78,0
DA:79,0
DA:80,0
DA:81,0
DA:82,0
DA:83,0
DA:84,0
DA:85,0
DA:86,0
DA:87,0
DA:88,0
DA:89,0
DA:90,0
DA:91,0
DA:93,0
DA:94,0
DA:99,0
FNF:1
[...]
DA:575,0
DA:576,0
DA:580,0
DA:581,0
DA:584,0
DA:588,0
DA:589,0
DA:593,0
DA:595,0
DA:598,0
DA:605,0
FN:609,InvariantsBase.dittoMatchedShares
FNDA:0,InvariantsBase.dittoMatchedShares
DA:610,0
DA:611,0
DA:612,0
DA:613,0
DA:614,0
DA:617,0
FN:621,InvariantsBase.dittoShorterReward
FNDA:0,InvariantsBase.dittoShorterReward
DA:622,0
DA:623,0
DA:625,0
DA:626,0
DA:627,0
DA:628,0
DA:631,0
FN:639,InvariantsBase.dittoReward
FNDA:0,InvariantsBase.dittoReward
DA:640,0
DA:641,0
DA:642,0
DA:643,0
DA:644,0
DA:646,0
DA:647,0
DA:648,0
DA:649,0
DA:650,0
DA:651,0
DA:653,0
DA:654,0
DA:655,0
FN:659,InvariantsBase.vault_ErcEscrowedPlusAssetBalanceEqTotalDebt
FNDA:0,InvariantsBase.vault_ErcEscrowedPlusAssetBalanceEqTotalDebt
DA:660,0
DA:661,0
DA:662,0
DA:663,0
DA:664,0
DA:666,0
DA:667,0
DA:668,0
DA:671,0
DA:672,0
DA:673,0
DA:675,0
DA:676,0
DA:677,0
DA:681,0
DA:682,0
DA:683,0
DA:684,0
FN:687,InvariantsBase.dethCollateralRewardAlwaysIncrease
FNDA:0,InvariantsBase.dethCollateralRewardAlwaysIncrease
DA:688,0
FN:694,InvariantsBase.dethYieldRateAlwaysIncrease
FNDA:0,InvariantsBase.dethYieldRateAlwaysIncrease
DA:695,0
FN:779,InvariantsBase.shortRecordCounterLtShortMaxId
FNDA:0,InvariantsBase.shortRecordCounterLtShortMaxId
DA:780,0
DA:782,0
DA:783,0
DA:797,0
FN:804,InvariantsBase.titheBetween10And100
FNDA:0,InvariantsBase.titheBetween10And100
DA:805,0
DA:806,0
FNF:22
FNH:0
LF:260
LH:0
BRF:46
BRH:0
end_of_record
TN:
SF:test/invariants/InvariantsBridge.t.sol
FN:33,InvariantsBridge.setUp
FNDA:0,InvariantsBridge.setUp
DA:34,0
DA:35,0
DA:36,0
DA:37,0
DA:38,0
DA:39,0
DA:41,0
DA:42,0
DA:49,0
DA:50,0
DA:52,0
FN:55,InvariantsBridge.accumulateEthEscrowed
FNDA:0,InvariantsBridge.accumulateEthEscrowed
DA:60,0
FN:63,InvariantsBridge.statefulFuzz_DethTotalMatchesEthEscrowed
FNDA:0,InvariantsBridge.statefulFuzz_DethTotalMatchesEthEscrowed
DA:64,0
DA:65,0
DA:66,0
DA:68,0
DA:69,0
DA:70,0
FNF:3
FNH:0
LF:18
LH:0
BRF:0
BRH:0
end_of_record
TN:
SF:test/invariants/InvariantsMinShortErc.t.sol
FN:39,InvariantsMinShortErc.setUp
FNDA:0,InvariantsMinShortErc.setUp
DA:40,0
DA:41,0
DA:42,0
DA:43,0
DA:44,0
DA:45,0
DA:47,0
DA:50,0
DA:68,0
DA:69,0
DA:71,0
FN:74,InvariantsMinShortErc.statefulFuzz_shortRecordDebtUnderMinShortErc
FNDA:0,InvariantsMinShortErc.statefulFuzz_shortRecordDebtUnderMinShortErc
DA:75,0
DA:76,0
DA:77,0
DA:79,0
DA:80,0
DA:81,0
DA:82,0
DA:84,0
BRDA:84,0,0,-
BRDA:84,0,1,-
DA:85,0
DA:86,0
DA:88,0
BRDA:88,1,0,-
BRDA:88,1,1,-
DA:103,0
DA:109,0
DA:110,0
DA:112,0
BRDA:112,2,0,-
BRDA:112,2,1,-
DA:113,0
DA:121,0
DA:126,0
DA:130,0
BRDA:130,3,0,-
BRDA:130,3,1,-
DA:131,0
DA:133,0
FNF:2
FNH:0
LF:32
LH:0
BRF:8
BRH:0
end_of_record
TN:
SF:test/invariants/InvariantsNFT.t.sol
FN:35,InvariantsNFT.setUp
FNDA:0,InvariantsNFT.setUp
DA:36,0
DA:37,0
DA:38,0
DA:39,0
DA:40,0
DA:41,0
DA:43,0
DA:44,0
DA:46,0
DA:47,0
DA:49,0
FN:52,InvariantsNFT.statefulFuzz_NFT_NFTsHaveOnlyOneShortRecord
FNDA:0,InvariantsNFT.statefulFuzz_NFT_NFTsHaveOnlyOneShortRecord
DA:53,0
DA:54,0
DA:55,0
DA:56,0
DA:57,0
DA:58,0
DA:59,0
DA:60,0
BRDA:60,0,0,-
BRDA:60,0,1,-
DA:61,0
DA:63,0
DA:64,0
DA:65,0
FN:71,InvariantsNFT.statefulFuzz_NFT_TokenIdOnlyIncreases
FNDA:0,InvariantsNFT.statefulFuzz_NFT_TokenIdOnlyIncreases
DA:72,0
FNF:3
FNH:0
LF:24
LH:0
BRF:2
BRH:0
end_of_record
TN:
SF:test/invariants/InvariantsOrderBook.t copy 1.sol
FN:13,InvariantsOrderBook.setUp
FNDA:0,InvariantsOrderBook.setUp
DA:14,0
DA:16,0
DA:17,0
FN:20,InvariantsOrderBook.statefulFuzz_sortedBidsHighestToLowest
FNDA:0,InvariantsOrderBook.statefulFuzz_sortedBidsHighestToLowest
DA:21,0
FNF:2
FNH:0
LF:4
LH:0
BRF:0
BRH:0
end_of_record
TN:
SF:test/invariants/InvariantsOrderBook.t copy 10.sol
FN:13,InvariantsOrderBook.setUp
FNDA:0,InvariantsOrderBook.setUp
DA:14,0
DA:16,0
DA:17,0
FN:20,InvariantsOrderBook.statefulFuzz_allOrderIdsUnique
FNDA:0,InvariantsOrderBook.statefulFuzz_allOrderIdsUnique
DA:21,0
FNF:2
FNH:0
LF:4
LH:0
BRF:0
BRH:0
end_of_record
TN:
SF:test/invariants/InvariantsOrderBook.t copy 11.sol
FN:13,InvariantsOrderBook.setUp
FNDA:0,InvariantsOrderBook.setUp
DA:14,0
DA:16,0
DA:17,0
FN:20,InvariantsOrderBook.statefulFuzz_shortRecordExists
FNDA:0,InvariantsOrderBook.statefulFuzz_shortRecordExists
DA:21,0
FNF:2
FNH:0
LF:4
LH:0
BRF:0
BRH:0
end_of_record
TN:
SF:test/invariants/InvariantsOrderBook.t copy 12.sol
FN:13,InvariantsOrderBook.setUp
FNDA:0,InvariantsOrderBook.setUp
DA:14,0
DA:16,0
DA:17,0
FN:20,InvariantsOrderBook.statefulFuzz_Vault_ErcEscrowedPlusAssetBalanceEqTotalDebt
FNDA:0,InvariantsOrderBook.statefulFuzz_Vault_ErcEscrowedPlusAssetBalanceEqTotalDebt
DA:21,0
FNF:2
FNH:0
LF:4
LH:0
BRF:0
BRH:0
end_of_record
TN:
SF:test/invariants/InvariantsOrderBook.t copy 13.sol
FN:13,InvariantsOrderBook.setUp
FNDA:0,InvariantsOrderBook.setUp
DA:14,0
DA:16,0
DA:17,0
FN:20,InvariantsOrderBook.statefulFuzz_Vault_DethTotal
FNDA:0,InvariantsOrderBook.statefulFuzz_Vault_DethTotal
DA:21,0
FNF:2
FNH:0
LF:4
LH:0
BRF:0
BRH:0
end_of_record
TN:
SF:test/invariants/InvariantsOrderBook.t copy 14.sol
FN:13,InvariantsOrderBook.setUp
FNDA:0,InvariantsOrderBook.setUp
DA:14,0
DA:16,0
DA:17,0
FN:20,InvariantsOrderBook.statefulFuzz_dethCollateralRewardAlwaysIncrease
FNDA:0,InvariantsOrderBook.statefulFuzz_dethCollateralRewardAlwaysIncrease
DA:21,0
FNF:2
FNH:0
LF:4
LH:0
BRF:0
BRH:0
end_of_record
TN:
SF:test/invariants/InvariantsOrderBook.t copy 15.sol
FN:13,InvariantsOrderBook.setUp
FNDA:0,InvariantsOrderBook.setUp
DA:14,0
DA:16,0
DA:17,0
FN:20,InvariantsOrderBook.statefulFuzz_dethYieldRateAlwaysIncrease
FNDA:0,InvariantsOrderBook.statefulFuzz_dethYieldRateAlwaysIncrease
DA:21,0
FNF:2
FNH:0
LF:4
LH:0
BRF:0
BRH:0
end_of_record
TN:
SF:test/invariants/InvariantsOrderBook.t copy 16.sol
FN:13,InvariantsOrderBook.setUp
FNDA:0,InvariantsOrderBook.setUp
DA:14,0
DA:16,0
DA:17,0
FN:20,InvariantsOrderBook.statefulFuzz_dittoMatchedShares
FNDA:0,InvariantsOrderBook.statefulFuzz_dittoMatchedShares
DA:21,0
FNF:2
FNH:0
LF:4
LH:0
BRF:0
BRH:0
end_of_record
TN:
SF:test/invariants/InvariantsOrderBook.t copy 17.sol
FN:13,InvariantsOrderBook.setUp
FNDA:0,InvariantsOrderBook.setUp
DA:14,0
DA:16,0
DA:17,0
FN:21,InvariantsOrderBook.statefulFuzz_dittoShorterReward
FNDA:0,InvariantsOrderBook.statefulFuzz_dittoShorterReward
DA:22,0
FNF:2
FNH:0
LF:4
LH:0
BRF:0
BRH:0
end_of_record
TN:
SF:test/invariants/InvariantsOrderBook.t copy 18.sol
FN:13,InvariantsOrderBook.setUp
FNDA:0,InvariantsOrderBook.setUp
DA:14,0
DA:16,0
DA:17,0
FN:20,InvariantsOrderBook.statefulFuzz_shortRecordCounterLtShortMaxId
FNDA:0,InvariantsOrderBook.statefulFuzz_shortRecordCounterLtShortMaxId
DA:21,0
FNF:2
FNH:0
LF:4
LH:0
BRF:0
BRH:0
end_of_record
TN:
SF:test/invariants/InvariantsOrderBook.t copy 19.sol
FN:13,InvariantsOrderBook.setUp
FNDA:0,InvariantsOrderBook.setUp
DA:14,0
DA:16,0
DA:17,0
FN:20,InvariantsOrderBook.statefulFuzz_titheBetween10And100
FNDA:0,InvariantsOrderBook.statefulFuzz_titheBetween10And100
DA:21,0
FNF:2
FNH:0
LF:4
LH:0
BRF:0
BRH:0
end_of_record
TN:
SF:test/invariants/InvariantsOrderBook.t copy 2.sol
FN:13,InvariantsOrderBook.setUp
FNDA:0,InvariantsOrderBook.setUp
DA:14,0
DA:16,0
DA:17,0
FN:20,InvariantsOrderBook.statefulFuzz_sortedAsksLowestToHighest
FNDA:0,InvariantsOrderBook.statefulFuzz_sortedAsksLowestToHighest
DA:21,0
FNF:2
FNH:0
LF:4
LH:0
BRF:0
BRH:0
end_of_record
TN:
SF:test/invariants/InvariantsOrderBook.t copy 3.sol
FN:13,InvariantsOrderBook.setUp
FNDA:0,InvariantsOrderBook.setUp
DA:14,0
DA:16,0
DA:17,0
FN:20,InvariantsOrderBook.statefulFuzz_sortedShortsLowestToHighest
FNDA:0,InvariantsOrderBook.statefulFuzz_sortedShortsLowestToHighest
DA:21,0
FNF:2
FNH:0
LF:4
LH:0
BRF:0
BRH:0
end_of_record
TN:
SF:test/invariants/InvariantsOrderBook.t copy 4.sol
FN:13,InvariantsOrderBook.setUp
FNDA:0,InvariantsOrderBook.setUp
DA:14,0
DA:16,0
DA:17,0
FN:20,InvariantsOrderBook.statefulFuzz_bidHead
FNDA:0,InvariantsOrderBook.statefulFuzz_bidHead
DA:21,0
FNF:2
FNH:0
LF:4
LH:0
BRF:0
BRH:0
end_of_record
TN:
SF:test/invariants/InvariantsOrderBook.t copy 5.sol
FN:13,InvariantsOrderBook.setUp
FNDA:0,InvariantsOrderBook.setUp
DA:14,0
DA:16,0
DA:17,0
FN:20,InvariantsOrderBook.statefulFuzz_askHead
FNDA:0,InvariantsOrderBook.statefulFuzz_askHead
DA:21,0
FNF:2
FNH:0
LF:4
LH:0
BRF:0
BRH:0
end_of_record
TN:
SF:test/invariants/InvariantsOrderBook.t copy 6.sol
FN:13,InvariantsOrderBook.setUp
FNDA:0,InvariantsOrderBook.setUp
DA:14,0
DA:16,0
DA:17,0
FN:20,InvariantsOrderBook.statefulFuzz_shortHead
FNDA:0,InvariantsOrderBook.statefulFuzz_shortHead
DA:21,0
FNF:2
FNH:0
LF:4
LH:0
BRF:0
BRH:0
end_of_record
TN:
SF:test/invariants/InvariantsOrderBook.t copy 7.sol
FN:13,InvariantsOrderBook.setUp
FNDA:0,InvariantsOrderBook.setUp
DA:14,0
DA:16,0
DA:17,0
FN:20,InvariantsOrderBook.statefulFuzz_orderIdGtMarketDepth
FNDA:0,InvariantsOrderBook.statefulFuzz_orderIdGtMarketDepth
DA:21,0
FNF:2
FNH:0
LF:4
LH:0
BRF:0
BRH:0
end_of_record
TN:
SF:test/invariants/InvariantsOrderBook.t copy 8.sol
FN:13,InvariantsOrderBook.setUp
FNDA:0,InvariantsOrderBook.setUp
DA:14,0
DA:16,0
DA:17,0
FN:20,InvariantsOrderBook.statefulFuzz_oracleTimeAlwaysIncrease
FNDA:0,InvariantsOrderBook.statefulFuzz_oracleTimeAlwaysIncrease
DA:21,0
FNF:2
FNH:0
LF:4
LH:0
BRF:0
BRH:0
end_of_record
TN:
SF:test/invariants/InvariantsOrderBook.t copy 9.sol
FN:13,InvariantsOrderBook.setUp
FNDA:0,InvariantsOrderBook.setUp
DA:14,0
DA:16,0
DA:17,0
FN:20,InvariantsOrderBook.statefulFuzz_startingShortPriceGteOraclePrice
FNDA:0,InvariantsOrderBook.statefulFuzz_startingShortPriceGteOraclePrice
DA:21,0
FNF:2
FNH:0
LF:4
LH:0
BRF:0
BRH:0
end_of_record
TN:
SF:test/invariants/InvariantsOrderBook.t.sol
FN:13,InvariantsOrderBook.setUp
FNDA:0,InvariantsOrderBook.setUp
DA:14,0
DA:16,0
DA:17,0
FN:20,InvariantsOrderBook.statefulFuzz_boundTest
FNDA:0,InvariantsOrderBook.statefulFuzz_boundTest
DA:21,0
FNF:2
FNH:0
LF:4
LH:0
BRF:0
BRH:0
end_of_record
TN:
SF:test/invariants/InvariantsSandBox.sol
FN:31,InvariantsSandbox.setUp
FNDA:0,InvariantsSandbox.setUp
DA:32,0
DA:33,0
DA:34,0
DA:35,0
DA:36,0
DA:37,0
DA:38,0
DA:40,0
DA:42,0
FNF:1
FNH:0
LF:9
LH:0
BRF:0
BRH:0
end_of_record
TN:
SF:test/invariants/InvariantsYield.t copy 1.sol
FN:14,InvariantsYield.setUp
FNDA:0,InvariantsYield.setUp
DA:15,0
DA:18,0
DA:58,0
DA:59,0
FN:62,InvariantsYield.statefulFuzz_dethCollateralRewardAlwaysIncrease
FNDA:0,InvariantsYield.statefulFuzz_dethCollateralRewardAlwaysIncrease
DA:63,0
FNF:2
FNH:0
LF:5
LH:0
BRF:0
BRH:0
end_of_record
TN:
SF:test/invariants/InvariantsYield.t copy 2.sol
FN:14,InvariantsYield.setUp
FNDA:0,InvariantsYield.setUp
DA:15,0
DA:18,0
DA:58,0
DA:59,0
FN:62,InvariantsYield.statefulFuzz_dethYieldRateAlwaysIncrease
FNDA:0,InvariantsYield.statefulFuzz_dethYieldRateAlwaysIncrease
DA:63,0
FNF:2
FNH:0
LF:5
LH:0
BRF:0
BRH:0
end_of_record
TN:
SF:test/invariants/InvariantsYield.t copy 3.sol
FN:14,InvariantsYield.setUp
FNDA:0,InvariantsYield.setUp
DA:15,0
DA:18,0
DA:58,0
DA:59,0
FN:62,InvariantsYield.statefulFuzz_dittoMatchedShares
FNDA:0,InvariantsYield.statefulFuzz_dittoMatchedShares
DA:63,0
FNF:2
FNH:0
LF:5
LH:0
BRF:0
BRH:0
end_of_record
TN:
SF:test/invariants/InvariantsYield.t copy 4.sol
FN:14,InvariantsYield.setUp
FNDA:0,InvariantsYield.setUp
DA:15,0
DA:18,0
DA:58,0
DA:59,0
FN:62,InvariantsYield.statefulFuzz_dittoReward
FNDA:0,InvariantsYield.statefulFuzz_dittoReward
DA:63,0
FNF:2
FNH:0
LF:5
LH:0
BRF:0
BRH:0
end_of_record
TN:
SF:test/invariants/InvariantsYield.t.sol
FN:14,InvariantsYield.setUp
FNDA:0,InvariantsYield.setUp
DA:15,0
DA:18,0
DA:58,0
DA:59,0
FN:62,InvariantsYield.statefulFuzz_Vault_DethTotal
FNDA:0,InvariantsYield.statefulFuzz_Vault_DethTotal
DA:63,0
FNF:2
FNH:0
LF:5
LH:0
BRF:0
BRH:0
end_of_record
TN:
SF:test/utils/AddressSet.sol
FN:11,LibAddressSet.add
FNDA:0,LibAddressSet.add
DA:12,0
BRDA:12,0,0,-
BRDA:12,0,1,-
DA:13,0
DA:14,0
DA:15,0
FN:19,LibAddressSet.remove
FNDA:0,LibAddressSet.remove
DA:20,0
BRDA:20,1,0,-
BRDA:20,1,1,-
DA:21,0
DA:23,0
BRDA:23,2,0,-
BRDA:23,2,1,-
DA:24,0
DA:25,0
DA:28,0
DA:29,0
DA:30,0
FN:34,LibAddressSet.contains
FNDA:0,LibAddressSet.contains
DA:35,0
FN:38,LibAddressSet.count
FNDA:0,LibAddressSet.count
DA:39,0
FN:42,LibAddressSet.rand
FNDA:0,LibAddressSet.rand
DA:43,0
BRDA:43,3,0,-
BRDA:43,3,1,-
DA:44,0
DA:46,0
FN:50,LibAddressSet.forEach
FNDA:0,LibAddressSet.forEach
DA:51,0
DA:52,0
FN:56,LibAddressSet.reduce
FNDA:0,LibAddressSet.reduce
DA:61,0
DA:62,0
DA:64,0
FN:67,LibAddressSet.length
FNDA:0,LibAddressSet.length
DA:68,0
FNF:8
FNH:0
LF:23
LH:0
BRF:8
BRH:0
end_of_record
TN:
SF:test/utils/ConstantsTest.sol
FN:28,ConstantsTest.give
FNDA:0,ConstantsTest.give
DA:29,0
DA:30,0
FN:33,ConstantsTest.give
FNDA:0,ConstantsTest.give
DA:34,0
DA:35,0
FN:39,ConstantsTest.s
FNDA:0,ConstantsTest.s
DA:40,0
FN:43,ConstantsTest.s
FNDA:0,ConstantsTest.s
DA:44,0
FN:47,ConstantsTest.s
FNDA:0,ConstantsTest.s
DA:48,0
FN:51,ConstantsTest.s
FNDA:0,ConstantsTest.s
DA:52,0
FN:55,ConstantsTest.s
FNDA:0,ConstantsTest.s
DA:56,0
FN:59,ConstantsTest.s
FNDA:0,ConstantsTest.s
DA:60,0
FNF:8
FNH:0
LF:10
LH:0
BRF:0
BRH:0
end_of_record
TN:
SF:test/utils/LiquidationHelper.sol
FN:39,LiquidationHelper.setUp
FNDA:0,LiquidationHelper.setUp
DA:40,0
FN:43,LiquidationHelper.simulateLiquidation
FNDA:0,LiquidationHelper.simulateLiquidation
DA:51,0
DA:52,0
DA:53,0
DA:54,0
DA:55,0
DA:56,0
DA:57,0
DA:58,0
BRDA:58,0,0,-
BRDA:58,0,1,-
DA:59,0
DA:63,0
DA:64,0
DA:66,0
DA:67,0
DA:68,0
DA:71,0
DA:74,0
DA:75,0
DA:76,0
BRDA:76,1,0,-
BRDA:76,1,1,-
DA:77,0
DA:79,0
DA:84,0
DA:85,0
DA:92,0
DA:93,0
DA:95,0
FN:98,LiquidationHelper.prepareAsk
FNDA:0,LiquidationHelper.prepareAsk
DA:99,0
DA:100,0
DA:102,0
DA:104,0
DA:105,0
DA:110,0
FN:113,LiquidationHelper.prepareShort
FNDA:0,LiquidationHelper.prepareShort
DA:114,0
DA:115,0
DA:116,0
DA:117,0
DA:120,0
DA:121,0
DA:122,0
DA:125,0
DA:126,0
DA:129,0
DA:130,0
DA:131,0
DA:132,0
DA:133,0
DA:135,0
FN:138,LiquidationHelper.checkShortsAndAssetBalance
FNDA:0,LiquidationHelper.checkShortsAndAssetBalance
DA:147,0
DA:148,0
DA:149,0
DA:151,0
BRDA:151,2,0,-
BRDA:151,2,1,-
DA:152,0
DA:153,0
DA:156,0
DA:157,0
DA:158,0
FN:174,LiquidationHelper.initialAssertStruct
FNDA:0,LiquidationHelper.initialAssertStruct
DA:175,0
DA:176,0
DA:177,0
DA:178,0
DA:179,0
DA:180,0
DA:181,0
DA:182,0
DA:183,0
DA:184,0
DA:185,0
DA:186,0
FN:195,LiquidationHelper.createShortsAndChangeforcedBidPriceBuffer
FNDA:0,LiquidationHelper.createShortsAndChangeforcedBidPriceBuffer
DA:199,0
DA:201,0
DA:203,0
DA:206,0
DA:207,0
BRDA:207,3,0,-
BRDA:207,3,1,-
DA:208,0
DA:210,0
DA:213,0
FN:216,LiquidationHelper.confirmBuyer
FNDA:0,LiquidationHelper.confirmBuyer
DA:217,0
DA:218,0
DA:219,0
BRDA:219,4,0,-
BRDA:219,4,1,-
DA:220,0
DA:222,0
DA:225,0
DA:226,0
DA:229,0
BRDA:229,5,0,-
BRDA:229,5,1,-
DA:230,0
DA:235,0
DA:236,0
FNF:8
FNH:0
LF:87
LH:0
BRF:12
BRH:0
end_of_record
TN:
SF:test/utils/OBFixture.sol
FN:54,OBFixture.setUp
FNDA:0,OBFixture.setUp
DA:55,0
DA:56,0
DA:57,0
DA:58,0
DA:61,0
DA:63,0
DA:66,0
DA:67,0
DA:68,0
DA:70,0
DA:71,0
DA:74,0
DA:75,0
DA:76,0
DA:77,0
DA:78,0
DA:79,0
DA:80,0
DA:81,0
DA:82,0
DA:85,0
DA:86,0
DA:87,0
DA:89,0
DA:92,0
DA:94,0
DA:97,0
DA:100,0
DA:101,0
DA:102,0
DA:103,0
DA:104,0
DA:105,0
DA:106,0
DA:107,0
DA:108,0
DA:109,0
DA:110,0
DA:111,0
DA:112,0
DA:113,0
FN:116,OBFixture.setETH
FNDA:0,OBFixture.setETH
DA:117,0
FN:120,OBFixture.setETHChainlinkOnly
FNDA:0,OBFixture.setETHChainlinkOnly
DA:121,0
FN:124,OBFixture.createUserStruct
FNDA:0,OBFixture.createUserStruct
DA:129,0
FN:132,OBFixture.getUserStruct
FNDA:0,OBFixture.getUserStruct
DA:137,0
FN:144,OBFixture.assertEq
FNDA:0,OBFixture.assertEq
DA:145,0
FN:148,OBFixture.assertSR
FNDA:0,OBFixture.assertSR
DA:149,0
FN:152,OBFixture.assertEqShort
FNDA:0,OBFixture.assertEqShort
DA:155,0
DA:156,0
DA:157,0
DA:158,0
DA:159,0
DA:160,0
DA:161,0
DA:162,0
FN:165,OBFixture.assertStruct
FNDA:0,OBFixture.assertStruct
DA:166,0
DA:171,0
FN:178,OBFixture.fundOrder
FNDA:0,OBFixture.fundOrder
DA:181,0
BRDA:181,0,0,-
BRDA:181,0,1,-
DA:182,0
DA:183,0
BRDA:183,1,0,-
BRDA:183,1,1,-
DA:184,0
DA:185,0
BRDA:185,2,0,-
BRDA:185,2,1,-
DA:186,0
DA:188,0
FN:192,OBFixture.createBid
FNDA:0,OBFixture.createBid
DA:200,0
DA:201,0
DA:204,0
FN:207,OBFixture.fundLimitBid
FNDA:0,OBFixture.fundLimitBid
DA:211,0
DA:212,0
DA:213,0
FN:223,OBFixture.fundLimitBidOpt
FNDA:0,OBFixture.fundLimitBidOpt
DA:227,0
DA:229,0
DA:230,0
DA:232,0
DA:233,0
FN:238,OBFixture.fundMarketBid
FNDA:0,OBFixture.fundMarketBid
DA:242,0
DA:243,0
FN:253,OBFixture.createLimitBid
FNDA:0,OBFixture.createLimitBid
DA:257,0
FN:267,OBFixture.createAsk
FNDA:0,OBFixture.createAsk
DA:274,0
DA:275,0
FN:278,OBFixture.fundLimitAsk
FNDA:0,OBFixture.fundLimitAsk
DA:279,0
DA:280,0
DA:281,0
FN:284,OBFixture.fundLimitAskOpt
FNDA:0,OBFixture.fundLimitAskOpt
DA:285,0
DA:286,0
DA:287,0
DA:288,0
FN:291,OBFixture.fundMarketAsk
FNDA:0,OBFixture.fundMarketAsk
DA:292,0
DA:293,0
FN:296,OBFixture.createLimitAsk
FNDA:0,OBFixture.createLimitAsk
DA:297,0
FN:300,OBFixture.createShort
FNDA:0,OBFixture.createShort
DA:307,0
DA:308,0
FN:313,OBFixture.fundLimitShort
FNDA:0,OBFixture.fundLimitShort
DA:314,0
DA:318,0
DA:319,0
FN:322,OBFixture.fundLimitShortOpt
FNDA:0,OBFixture.fundLimitShortOpt
DA:323,0
DA:327,0
DA:328,0
DA:329,0
DA:330,0
FN:333,OBFixture.createLimitShort
FNDA:0,OBFixture.createLimitShort
DA:334,0
FN:339,OBFixture.getShortRecord
FNDA:0,OBFixture.getShortRecord
DA:344,0
FN:347,OBFixture.getShortRecordCount
FNDA:0,OBFixture.getShortRecordCount
DA:348,0
FN:351,OBFixture.depositEth
FNDA:0,OBFixture.depositEth
DA:352,0
DA:354,0
DA:356,0
DA:360,0
DA:361,0
FN:364,OBFixture.depositReth
FNDA:0,OBFixture.depositReth
DA:365,0
DA:367,0
DA:369,0
DA:373,0
DA:374,0
FN:377,OBFixture.depositUsd
FNDA:0,OBFixture.depositUsd
DA:378,0
DA:379,0
DA:380,0
DA:381,0
FN:384,OBFixture.transferUsd
FNDA:0,OBFixture.transferUsd
DA:385,0
DA:386,0
DA:387,0
DA:388,0
FN:391,OBFixture.depositEthAndPrank
FNDA:0,OBFixture.depositEthAndPrank
DA:392,0
DA:393,0
FN:396,OBFixture.depositUsdAndPrank
FNDA:0,OBFixture.depositUsdAndPrank
DA:397,0
DA:398,0
FN:401,OBFixture.getBids
FNDA:0,OBFixture.getBids
DA:402,0
FN:405,OBFixture.getAsks
FNDA:0,OBFixture.getAsks
DA:406,0
FN:409,OBFixture.getShorts
FNDA:0,OBFixture.getShorts
DA:410,0
FN:413,OBFixture.increaseCollateral
FNDA:0,OBFixture.increaseCollateral
DA:414,0
FN:417,OBFixture.decreaseCollateral
FNDA:0,OBFixture.decreaseCollateral
DA:418,0
FN:421,OBFixture.cancelAsk
FNDA:0,OBFixture.cancelAsk
DA:422,0
FN:425,OBFixture.cancelShort
FNDA:0,OBFixture.cancelShort
DA:426,0
FN:429,OBFixture.cancelBid
FNDA:0,OBFixture.cancelBid
DA:430,0
FN:433,OBFixture.combineShorts
FNDA:0,OBFixture.combineShorts
DA:434,0
DA:435,0
DA:436,0
DA:438,0
DA:439,0
DA:440,0
DA:442,0
FN:445,OBFixture.exitShort
FNDA:0,OBFixture.exitShort
DA:446,0
DA:447,0
DA:449,0
FN:452,OBFixture.exitShort
FNDA:0,OBFixture.exitShort
DA:454,0
FN:457,OBFixture.exitShortWallet
FNDA:0,OBFixture.exitShortWallet
DA:458,0
DA:460,0
FN:463,OBFixture.exitShortErcEscrowed
FNDA:0,OBFixture.exitShortErcEscrowed
DA:464,0
DA:466,0
FN:469,OBFixture.liquidate
FNDA:0,OBFixture.liquidate
DA:473,0
DA:475,0
DA:477,0
FN:480,OBFixture.liquidateErcEscrowed
FNDA:0,OBFixture.liquidateErcEscrowed
DA:486,0
DA:487,0
DA:489,0
DA:490,0
FN:493,OBFixture.liquidateWallet
FNDA:0,OBFixture.liquidateWallet
DA:496,0
DA:497,0
DA:499,0
DA:500,0
FN:503,OBFixture.redeemErc
FNDA:0,OBFixture.redeemErc
DA:504,0
DA:505,0
FN:508,OBFixture.min
FNDA:0,OBFixture.min
DA:509,0
FN:512,OBFixture.submitBalances
FNDA:0,OBFixture.submitBalances
DA:513,0
FN:516,OBFixture.getExchangeRate
FNDA:0,OBFixture.getExchangeRate
DA:517,0
FN:520,OBFixture.checkOrdersPriceValidity
FNDA:0,OBFixture.checkOrdersPriceValidity
DA:521,0
DA:522,0
DA:523,0
DA:526,0
DA:527,0
DA:528,0
DA:531,0
DA:532,0
DA:533,0
FN:537,OBFixture.getErcInMarket
FNDA:0,OBFixture.getErcInMarket
DA:538,0
DA:539,0
DA:540,0
DA:542,0
FN:545,OBFixture.getTotalErc
FNDA:0,OBFixture.getTotalErc
DA:546,0
DA:547,0
DA:548,0
DA:549,0
DA:550,0
DA:551,0
FN:554,OBFixture.setShortHintArray
FNDA:0,OBFixture.setShortHintArray
DA:555,0
DA:559,0
DA:560,0
DA:561,0
DA:562,0
DA:563,0
DA:564,0
DA:565,0
DA:566,0
DA:567,0
DA:569,0
DA:571,0
FN:574,OBFixture.skipTimeAndSetEth
FNDA:0,OBFixture.skipTimeAndSetEth
DA:575,0
DA:577,0
FNF:57
FNH:0
LF:197
LH:0
BRF:6
BRH:0
end_of_record
